[LETTORE-0] Inizio la lettura di 9x9-matrix-sample-a.bin
[LETTORE-1] Inizio la lettura di 9x9-matrix-sample-b.bin
[LETTORE-2] Inizio la lettura di 9x9-matrix-sample-c.bin
[LETTORE-0] Stampo il candidato: 3 15 34 20 55 24 68 62 23 90 74 56 86 68 82 6 14 90 70 20 19 47 13 9 99 86 99 40 40 37 86 79 85 47 12 88 27 32 34 63 78 78 6 58 78 31 17 52 3 90 97 22 20 95 39 23 35 45 64 49 18 98 40 45 82 13 35 17 89 58 26 54 42 47 74 46 98 24 40 20 59 
[LETTORE-0] Stampo il candidato: 81 31 58 7 44 83 41 97 3 18 45 55 46 6 87 61 66 38 17 93 51 58 87 61 68 81 30 13 66 13 46 78 82 31 93 13 58 8 65 1 25 7 22 11 34 86 31 66 58 94 93 94 42 62 12 55 70 19 53 28 69 88 59 36 22 52 84 63 21 11 30 79 52 93 78 90 71 67 33 74 88 
[LETTORE-0] Stampo il candidato: 2 93 58 9 34 57 42 19 78 67 33 46 99 65 80 87 5 53 76 18 86 51 56 62 65 26 31 69 97 29 68 99 9 26 99 91 29 18 45 94 1 3 34 67 76 8 71 89 46 63 51 15 25 72 14 51 20 53 85 65 46 80 90 34 20 39 18 97 46 56 20 59 10 66 92 31 41 34 45 36 88 
[VERIFICATORE-1] Inizio la verifica
[LETTORE-0] Stampo il candidato: 26 35 66 69 99 95 72 62 65 69 90 12 9 93 25 55 8 62 23 45 55 44 9 92 78 85 36 38 29 13 75 18 81 56 17 86 65 91 84 73 33 3 75 13 42 12 46 8 25 24 5 10 95 10 42 73 44 76 71 22 90 60 86 18 63 83 90 6 52 61 34 26 64 61 67 64 96 50 21 44 45 
[LETTORE-0] Stampo il candidato: 72 73 71 68 6 37 53 44 73 43 89 5 35 38 11 45 48 82 28 70 25 91 23 43 46 25 62 84 96 60 20 23 10 12 84 5 14 7 75 60 76 92 85 15 34 13 20 19 92 32 93 6 82 39 23 73 65 79 16 19 55 62 88 9 22 66 80 59 77 20 53 86 37 4 44 30 36 7 56 31 40 
[LETTORE-0] Stampo il candidato: 66 96 7 29 82 57 63 24 11 88 67 97 77 5 19 54 95 88 27 34 70 62 49 72 56 49 95 85 98 57 44 31 48 71 81 37 5 35 15 82 60 36 20 52 35 54 32 1 23 60 46 50 53 42 52 40 70 95 88 57 43 47 80 13 38 37 35 83 71 72 52 79 35 73 12 15 32 59 36 70 6 
[LETTORE-0] Stampo il candidato: 75 32 64 44 46 62 72 13 33 26 56 76 6 17 80 84 51 88 4 45 59 49 16 30 16 30 23 62 54 66 13 48 2 69 7 60 29 59 9 46 58 76 48 13 20 54 42 99 4 4 37 75 93 83 54 90 85 13 38 77 28 37 51 36 27 49 26 58 60 95 48 30 23 88 31 29 28 36 81 3 72 
[VERIFICATORE-1] Stampo il candidato appena estratto: 3 15 34 20 55 24 68 62 23 90 74 56 86 68 82 6 14 90 70 20 19 47 13 9 99 86 99 40 40 37 86 79 85 47 12 88 27 32 34 63 78 78 6 58 78 31 17 52 3 90 97 22 20 95 39 23 35 45 64 49 18 98 40 45 82 13 35 17 89 58 26 54 42 47 74 46 98 24 40 20 59 
[VERIFICATORE-1] Stampo il candidato appena estratto: 81 31 58 7 44 83 41 97 3 18 45 55 46 6 87 61 66 38 17 93 51 58 87 61 68 81 30 13 66 13 46 78 82 31 93 13 58 8 65 1 25 7 22 11 34 86 31 66 58 94 93 94 42 62 12 55 70 19 53 28 69 88 59 36 22 52 84 63 21 11 30 79 52 93 78 90 71 67 33 74 88 
[VERIFICATORE-1] Stampo il candidato appena estratto: 2 93 58 9 34 57 42 19 78 67 33 46 99 65 80 87 5 53 76 18 86 51 56 62 65 26 31 69 97 29 68 99 9 26 99 91 29 18 45 94 1 3 34 67 76 8 71 89 46 63 51 15 25 72 14 51 20 53 85 65 46 80 90 34 20 39 18 97 46 56 20 59 10 66 92 31 41 34 45 36 88 
[LETTORE-2] Stampo il candidato: 25 44 75 77 96 9 23 93 52 32 19 45 34 96 84 18 87 87 61 30 33 86 41 74 63 48 72 8 90 32 8 63 14 12 93 2 52 87 68 45 90 80 93 40 30 78 42 89 99 92 43 17 31 34 28 83 19 3 29 88 98 12 3 89 8 38 46 81 63 92 89 62 54 94 48 60 80 84 73 73 28 
[LETTORE-2] Stampo il candidato: 26 90 67 3 52 98 29 31 81 23 42 17 45 49 8 22 7 28 80 18 33 42 53 16 88 43 80 8 53 73 23 13 60 84 23 44 29 77 98 42 76 32 58 86 20 62 92 95 62 53 94 8 32 20 63 16 66 36 89 91 35 8 19 31 21 28 54 8 92 99 56 11 43 83 43 28 95 69 34 10 65 
[LETTORE-2] Stampo il candidato: 58 60 42 68 33 43 31 39 34 83 13 21 64 81 55 85 28 36 3 30 41 71 2 10 70 73 93 86 69 30 78 16 44 90 24 56 35 42 14 55 35 65 71 56 20 85 53 64 37 45 23 62 21 23 57 87 23 57 31 66 99 19 10 3 87 56 87 89 8 73 37 12 47 61 5 61 9 80 4 47 84 
[LETTORE-1] Stampo il candidato: 32 9 27 25 11 4 6 40 18 63 2 58 35 88 66 48 96 78 78 81 86 88 6 86 27 37 51 91 54 11 55 53 81 58 30 1 81 37 8 44 47 73 17 13 82 63 72 8 34 80 18 13 29 56 72 53 86 97 54 23 13 96 61 23 99 21 65 68 65 6 70 53 10 93 76 95 86 79 87 4 65 
[LETTORE-0] Stampo il candidato: 94 36 14 18 6 47 8 90 5 78 22 76 74 24 16 17 74 57 67 48 37 61 67 54 78 42 36 9 63 64 95 31 4 98 2 83 92 7 91 13 14 70 61 91 84 79 68 80 19 36 72 32 5 75 13 13 96 49 39 70 96 76 75 72 49 18 17 1 50 31 42 49 85 29 29 90 70 68 75 51 65 
[VERIFICATORE-1] Stampo il candidato appena estratto: 26 35 66 69 99 95 72 62 65 69 90 12 9 93 25 55 8 62 23 45 55 44 9 92 78 85 36 38 29 13 75 18 81 56 17 86 65 91 84 73 33 3 75 13 42 12 46 8 25 24 5 10 95 10 42 73 44 76 71 22 90 60 86 18 63 83 90 6 52 61 34 26 64 61 67 64 96 50 21 44 45 
[VERIFICATORE-1] Stampo il candidato appena estratto: 72 73 71 68 6 37 53 44 73 43 89 5 35 38 11 45 48 82 28 70 25 91 23 43 46 25 62 84 96 60 20 23 10 12 84 5 14 7 75 60 76 92 85 15 34 13 20 19 92 32 93 6 82 39 23 73 65 79 16 19 55 62 88 9 22 66 80 59 77 20 53 86 37 4 44 30 36 7 56 31 40 
[VERIFICATORE-1] Stampo il candidato appena estratto: 66 96 7 29 82 57 63 24 11 88 67 97 77 5 19 54 95 88 27 34 70 62 49 72 56 49 95 85 98 57 44 31 48 71 81 37 5 35 15 82 60 36 20 52 35 54 32 1 23 60 46 50 53 42 52 40 70 95 88 57 43 47 80 13 38 37 35 83 71 72 52 79 35 73 12 15 32 59 36 70 6 
[VERIFICATORE-1] Stampo il candidato appena estratto: 75 32 64 44 46 62 72 13 33 26 56 76 6 17 80 84 51 88 4 45 59 49 16 30 16 30 23 62 54 66 13 48 2 69 7 60 29 59 9 46 58 76 48 13 20 54 42 99 4 4 37 75 93 83 54 90 85 13 38 77 28 37 51 36 27 49 26 58 60 95 48 30 23 88 31 29 28 36 81 3 72 
[VERIFICATORE-1] Stampo il candidato appena estratto: 25 44 75 77 96 9 23 93 52 32 19 45 34 96 84 18 87 87 61 30 33 86 41 74 63 48 72 8 90 32 8 63 14 12 93 2 52 87 68 45 90 80 93 40 30 78 42 89 99 92 43 17 31 34 28 83 19 3 29 88 98 12 3 89 8 38 46 81 63 92 89 62 54 94 48 60 80 84 73 73 28 
[VERIFICATORE-1] Stampo il candidato appena estratto: 26 90 67 3 52 98 29 31 81 23 42 17 45 49 8 22 7 28 80 18 33 42 53 16 88 43 80 8 53 73 23 13 60 84 23 44 29 77 98 42 76 32 58 86 20 62 92 95 62 53 94 8 32 20 63 16 66 36 89 91 35 8 19 31 21 28 54 8 92 99 56 11 43 83 43 28 95 69 34 10 65 
[VERIFICATORE-1] Stampo il candidato appena estratto: 32 9 27 25 11 4 6 40 18 63 2 58 35 88 66 48 96 78 78 81 86 88 6 86 27 37 51 91 54 11 55 53 81 58 30 1 81 37 8 44 47 73 17 13 82 63 72 8 34 80 18 13 29 56 72 53 86 97 54 23 13 96 61 23 99 21 65 68 65 6 70 53 10 93 76 95 86 79 87 4 65 
[VERIFICATORE-1] Stampo il candidato appena estratto: 94 36 14 18 6 47 8 90 5 78 22 76 74 24 16 17 74 57 67 48 37 61 67 54 78 42 36 9 63 64 95 31 4 98 2 83 92 7 91 13 14 70 61 91 84 79 68 80 19 36 72 32 5 75 13 13 96 49 39 70 96 76 75 72 49 18 17 1 50 31 42 49 85 29 29 90 70 68 75 51 65 
[VERIFICATORE-1] Stampo il candidato appena estratto: 58 60 42 68 33 43 31 39 34 83 13 21 64 81 55 85 28 36 3 30 41 71 2 10 70 73 93 86 69 30 78 16 44 90 24 56 35 42 14 55 35 65 71 56 20 85 53 64 37 45 23 62 21 23 57 87 23 57 31 66 99 19 10 3 87 56 87 89 8 73 37 12 47 61 5 61 9 80 4 47 84 
[LETTORE-2] Stampo il candidato: 96 40 89 57 4 53 67 2 23 5 59 34 5 92 87 67 20 29 75 18 19 14 23 7 69 84 77 89 20 6 1 35 23 58 77 85 10 58 32 34 14 87 29 42 51 7 55 24 66 24 96 28 89 34 20 30 66 37 44 77 27 19 39 98 16 5 73 61 12 55 9 79 43 56 69 24 93 46 87 37 79 
[LETTORE-2] Stampo il candidato: 62 96 92 18 84 55 98 52 97 22 69 39 79 35 88 80 4 57 30 43 22 13 46 21 19 98 6 44 94 58 87 8 64 84 32 36 15 43 72 41 20 83 51 29 36 25 16 1 31 6 94 83 21 95 65 74 9 93 26 7 12 17 63 43 49 36 34 2 82 6 94 67 17 80 71 7 7 67 10 21 85 
[LETTORE-2] Stampo il candidato: 76 79 87 77 26 83 84 18 5 20 3 70 96 41 84 71 13 23 30 43 47 9 30 99 31 12 16 18 23 14 1 54 5 38 66 80 62 62 8 9 33 62 36 42 54 77 92 41 26 48 58 80 51 26 15 56 97 83 19 2 30 39 81 95 81 92 16 55 1 13 70 76 14 15 26 9 72 30 89 85 90 
[LETTORE-2] Stampo il candidato: 33 51 47 77 23 5 88 2 99 30 46 60 23 81 7 55 93 87 59 40 55 11 88 49 48 55 46 88 48 82 80 74 62 23 83 12 76 46 8 5 22 68 4 65 7 88 98 25 62 20 59 46 8 42 76 12 99 99 93 76 7 83 48 62 89 43 7 49 51 93 63 1 10 98 18 21 19 3 80 19 71 
[LETTORE-2] Stampo il candidato: 20 55 48 29 51 5 21 38 93 69 92 46 41 42 16 95 41 83 71 15 12 16 36 51 2 44 72 78 54 18 70 89 64 60 18 94 24 4 58 18 69 61 74 43 58 17 83 76 34 34 66 8 96 6 92 35 79 97 21 14 86 49 20 82 89 97 85 76 83 56 29 44 49 4 84 70 87 79 9 86 85 
[LETTORE-2] Stampo il candidato: 60 14 50 55 57 66 14 84 61 77 43 39 53 84 71 13 34 55 48 56 21 70 84 95 11 77 59 24 94 2 16 25 34 34 63 97 28 58 55 30 92 99 82 35 69 75 50 51 80 8 4 9 60 75 38 45 7 68 69 30 31 70 27 18 52 66 81 80 22 76 80 72 48 72 89 68 19 86 66 74 60 
[LETTORE-2] Stampo il candidato: 84 40 19 82 83 7 70 89 45 82 12 71 99 20 95 46 13 38 6 26 3 14 4 62 50 26 99 8 18 52 93 66 15 10 68 60 2 56 10 18 18 23 44 49 84 69 12 40 43 61 96 65 51 36 59 36 47 68 48 82 47 11 50 92 74 23 55 72 24 57 7 33 98 70 63 84 31 29 99 18 93 
[VERIFICATORE-1] Stampo il candidato appena estratto: 96 40 89 57 4 53 67 2 23 5 59 34 5 92 87 67 20 29 75 18 19 14 23 7 69 84 77 89 20 6 1 35 23 58 77 85 10 58 32 34 14 87 29 42 51 7 55 24 66 24 96 28 89 34 20 30 66 37 44 77 27 19 39 98 16 5 73 61 12 55 9 79 43 56 69 24 93 46 87 37 79 
[VERIFICATORE-1] Stampo il candidato appena estratto: 62 96 92 18 84 55 98 52 97 22 69 39 79 35 88 80 4 57 30 43 22 13 46 21 19 98 6 44 94 58 87 8 64 84 32 36 15 43 72 41 20 83 51 29 36 25 16 1 31 6 94 83 21 95 65 74 9 93 26 7 12 17 63 43 49 36 34 2 82 6 94 67 17 80 71 7 7 67 10 21 85 
[VERIFICATORE-1] Stampo il candidato appena estratto: 76 79 87 77 26 83 84 18 5 20 3 70 96 41 84 71 13 23 30 43 47 9 30 99 31 12 16 18 23 14 1 54 5 38 66 80 62 62 8 9 33 62 36 42 54 77 92 41 26 48 58 80 51 26 15 56 97 83 19 2 30 39 81 95 81 92 16 55 1 13 70 76 14 15 26 9 72 30 89 85 90 
[VERIFICATORE-1] Stampo il candidato appena estratto: 33 51 47 77 23 5 88 2 99 30 46 60 23 81 7 55 93 87 59 40 55 11 88 49 48 55 46 88 48 82 80 74 62 23 83 12 76 46 8 5 22 68 4 65 7 88 98 25 62 20 59 46 8 42 76 12 99 99 93 76 7 83 48 62 89 43 7 49 51 93 63 1 10 98 18 21 19 3 80 19 71 
[VERIFICATORE-1] Stampo il candidato appena estratto: 20 55 48 29 51 5 21 38 93 69 92 46 41 42 16 95 41 83 71 15 12 16 36 51 2 44 72 78 54 18 70 89 64 60 18 94 24 4 58 18 69 61 74 43 58 17 83 76 34 34 66 8 96 6 92 35 79 97 21 14 86 49 20 82 89 97 85 76 83 56 29 44 49 4 84 70 87 79 9 86 85 
[VERIFICATORE-1] Stampo il candidato appena estratto: 60 14 50 55 57 66 14 84 61 77 43 39 53 84 71 13 34 55 48 56 21 70 84 95 11 77 59 24 94 2 16 25 34 34 63 97 28 58 55 30 92 99 82 35 69 75 50 51 80 8 4 9 60 75 38 45 7 68 69 30 31 70 27 18 52 66 81 80 22 76 80 72 48 72 89 68 19 86 66 74 60 
[VERIFICATORE-1] Stampo il candidato appena estratto: 84 40 19 82 83 7 70 89 45 82 12 71 99 20 95 46 13 38 6 26 3 14 4 62 50 26 99 8 18 52 93 66 15 10 68 60 2 56 10 18 18 23 44 49 84 69 12 40 43 61 96 65 51 36 59 36 47 68 48 82 47 11 50 92 74 23 55 72 24 57 7 33 98 70 63 84 31 29 99 18 93 
[LETTORE-2] Stampo il candidato: 42 12 40 30 27 85 20 12 17 20 20 34 96 48 9 45 40 20 8 17 38 76 40 11 24 43 26 5 23 7 5 90 44 65 70 53 73 23 12 69 87 71 56 13 73 82 9 8 4 36 63 86 35 49 57 27 58 36 14 11 62 65 45 2 25 72 55 17 91 4 44 23 96 53 59 28 8 49 46 89 55 
[LETTORE-2] Stampo il candidato: 98 33 34 71 35 54 35 58 59 75 95 39 94 55 3 58 75 54 76 7 45 14 84 5 11 41 24 86 95 73 86 56 46 23 18 16 29 42 84 6 29 87 52 83 15 37 38 86 45 15 13 12 78 47 11 41 58 19 24 5 43 40 24 35 47 40 28 78 81 6 37 2 93 25 78 36 78 15 93 83 21 
[LETTORE-2] Stampo il candidato: 18 71 11 80 58 18 9 23 90 63 5 38 69 55 67 86 78 35 54 97 28 76 73 14 40 11 65 65 79 74 92 82 61 12 58 74 80 18 12 99 12 10 45 97 95 85 39 79 51 43 99 18 27 46 60 22 4 56 26 27 11 41 54 97 54 95 87 5 15 52 15 99 34 52 68 42 81 45 83 51 58 
[LETTORE-2] Stampo il candidato: 72 26 85 23 46 78 18 95 65 80 27 33 54 12 23 26 53 93 62 92 36 24 71 73 25 50 84 93 30 92 49 72 60 20 43 24 19 59 94 56 62 94 19 66 11 70 85 88 21 48 75 73 42 90 84 67 47 30 8 59 24 28 51 97 5 19 32 11 3 83 48 46 61 23 65 3 40 35 8 4 40 
[LETTORE-2] Stampo il candidato: 66 46 71 53 56 15 65 46 43 1 29 64 49 72 91 71 75 9 36 71 44 82 43 71 4 16 94 31 72 52 85 34 46 30 19 92 82 26 52 15 52 12 60 71 91 1 62 61 67 35 56 56 97 26 46 25 29 49 86 58 75 75 18 99 34 53 43 27 47 54 42 62 99 96 35 18 56 65 46 20 26 
[LETTORE-2] Stampo il candidato: 22 77 96 23 3 23 99 2 10 3 20 78 60 88 71 75 72 6 54 67 4 70 20 88 91 88 56 79 72 91 37 72 12 53 65 57 24 9 22 39 67 27 17 8 88 20 58 27 77 99 79 18 5 80 98 51 86 89 85 7 32 61 70 10 39 58 78 54 56 51 7 18 51 22 38 7 17 76 50 46 16 
[LETTORE-2] Stampo il candidato: 29 19 90 20 14 40 96 27 57 1 95 14 16 12 79 69 67 31 55 50 18 13 1 55 1 34 68 67 53 64 16 42 68 55 32 27 87 31 66 36 73 41 41 45 87 39 23 84 67 6 29 70 48 30 21 59 63 47 73 68 35 29 16 11 9 87 78 47 89 72 93 68 29 84 48 5 26 20 88 37 60 
[VERIFICATORE-1] Stampo il candidato appena estratto: 42 12 40 30 27 85 20 12 17 20 20 34 96 48 9 45 40 20 8 17 38 76 40 11 24 43 26 5 23 7 5 90 44 65 70 53 73 23 12 69 87 71 56 13 73 82 9 8 4 36 63 86 35 49 57 27 58 36 14 11 62 65 45 2 25 72 55 17 91 4 44 23 96 53 59 28 8 49 46 89 55 
[VERIFICATORE-1] Stampo il candidato appena estratto: 98 33 34 71 35 54 35 58 59 75 95 39 94 55 3 58 75 54 76 7 45 14 84 5 11 41 24 86 95 73 86 56 46 23 18 16 29 42 84 6 29 87 52 83 15 37 38 86 45 15 13 12 78 47 11 41 58 19 24 5 43 40 24 35 47 40 28 78 81 6 37 2 93 25 78 36 78 15 93 83 21 
[VERIFICATORE-1] Stampo il candidato appena estratto: 18 71 11 80 58 18 9 23 90 63 5 38 69 55 67 86 78 35 54 97 28 76 73 14 40 11 65 65 79 74 92 82 61 12 58 74 80 18 12 99 12 10 45 97 95 85 39 79 51 43 99 18 27 46 60 22 4 56 26 27 11 41 54 97 54 95 87 5 15 52 15 99 34 52 68 42 81 45 83 51 58 
[VERIFICATORE-1] Stampo il candidato appena estratto: 72 26 85 23 46 78 18 95 65 80 27 33 54 12 23 26 53 93 62 92 36 24 71 73 25 50 84 93 30 92 49 72 60 20 43 24 19 59 94 56 62 94 19 66 11 70 85 88 21 48 75 73 42 90 84 67 47 30 8 59 24 28 51 97 5 19 32 11 3 83 48 46 61 23 65 3 40 35 8 4 40 
[VERIFICATORE-1] Stampo il candidato appena estratto: 66 46 71 53 56 15 65 46 43 1 29 64 49 72 91 71 75 9 36 71 44 82 43 71 4 16 94 31 72 52 85 34 46 30 19 92 82 26 52 15 52 12 60 71 91 1 62 61 67 35 56 56 97 26 46 25 29 49 86 58 75 75 18 99 34 53 43 27 47 54 42 62 99 96 35 18 56 65 46 20 26 
[LETTORE-1] Stampo il candidato: 77 29 24 83 21 27 70 9 65 27 39 43 67 75 48 84 96 6 64 30 8 43 37 99 68 56 82 83 67 54 74 24 73 21 31 91 76 88 3 27 40 94 29 90 64 56 71 53 39 77 30 94 68 95 19 44 98 65 24 59 57 8 88 28 69 77 39 42 28 7 91 10 63 9 63 39 44 17 53 82 51 
[LETTORE-1] Stampo il candidato: 94 92 83 61 91 16 94 66 27 41 98 93 33 62 64 27 64 52 41 90 46 29 95 77 77 73 7 44 53 71 64 66 5 69 90 76 68 9 22 52 76 29 48 71 76 35 51 26 61 80 51 34 70 63 58 79 75 35 49 51 56 19 69 90 73 3 76 26 92 29 79 52 20 31 91 39 1 97 25 75 62 
[LETTORE-1] Stampo il candidato: 11 32 78 45 57 60 52 63 91 80 20 99 24 99 62 55 92 52 14 86 8 48 41 19 96 74 22 17 96 76 89 78 97 95 45 76 71 53 83 50 56 43 86 54 9 14 87 50 61 98 10 86 5 90 80 17 52 3 35 81 77 91 19 82 45 47 55 8 16 85 44 78 25 35 96 86 83 74 88 8 26 
[LETTORE-1] Stampo il candidato: 16 10 17 38 37 25 72 82 99 23 96 13 92 21 59 62 89 97 65 74 21 78 90 5 76 93 60 80 82 3 4 48 14 26 26 4 18 38 70 93 36 86 27 82 16 38 61 97 25 25 80 22 48 43 24 99 77 79 93 21 8 88 27 3 84 6 86 86 97 25 59 96 10 18 79 71 24 91 34 97 32 
[LETTORE-1] Stampo il candidato: 96 54 65 86 46 51 12 32 40 63 36 19 72 41 19 19 20 1 35 15 54 82 25 28 38 8 26 9 15 77 60 1 77 69 90 74 80 9 73 90 34 31 95 76 33 49 98 10 36 66 92 25 11 91 75 68 13 14 33 12 41 10 80 52 61 71 23 86 80 99 56 19 16 76 10 4 39 43 77 17 62 
[MAIN-0] Matrice semimagica trovata: 66 46 71 53 56 15 65 46 43 1 29 64 49 72 91 71 75 9 36 71 44 82 43 71 4 16 94 31 72 52 85 34 46 30 19 92 82 26 52 15 52 12 60 71 91 1 62 61 67 35 56 56 97 26 46 25 29 49 86 58 75 75 18 99 34 53 43 27 47 54 42 62 99 96 35 18 56 65 46 20 26 
[LETTORE-0] Stampo il candidato: 29 15 3 63 84 71 79 44 83 88 84 1 55 36 58 98 41 71 90 80 11 85 65 61 65 68 62 91 35 25 3 41 40 51 2 33 19 83 30 42 10 76 84 64 33 15 10 6 5 86 59 75 85 97 94 28 33 69 38 86 54 43 13 26 9 61 35 57 74 28 73 30 15 79 62 80 41 46 59 87 86 
[VERIFICATORE-1] Stampo il candidato appena estratto: 22 77 96 23 3 23 99 2 10 3 20 78 60 88 71 75 72 6 54 67 4 70 20 88 91 88 56 79 72 91 37 72 12 53 65 57 24 9 22 39 67 27 17 8 88 20 58 27 77 99 79 18 5 80 98 51 86 89 85 7 32 61 70 10 39 58 78 54 56 51 7 18 51 22 38 7 17 76 50 46 16 
[VERIFICATORE-1] Stampo il candidato appena estratto: 29 19 90 20 14 40 96 27 57 1 95 14 16 12 79 69 67 31 55 50 18 13 1 55 1 34 68 67 53 64 16 42 68 55 32 27 87 31 66 36 73 41 41 45 87 39 23 84 67 6 29 70 48 30 21 59 63 47 73 68 35 29 16 11 9 87 78 47 89 72 93 68 29 84 48 5 26 20 88 37 60 
[VERIFICATORE-1] Stampo il candidato appena estratto: 77 29 24 83 21 27 70 9 65 27 39 43 67 75 48 84 96 6 64 30 8 43 37 99 68 56 82 83 67 54 74 24 73 21 31 91 76 88 3 27 40 94 29 90 64 56 71 53 39 77 30 94 68 95 19 44 98 65 24 59 57 8 88 28 69 77 39 42 28 7 91 10 63 9 63 39 44 17 53 82 51 
[VERIFICATORE-1] Stampo il candidato appena estratto: 94 92 83 61 91 16 94 66 27 41 98 93 33 62 64 27 64 52 41 90 46 29 95 77 77 73 7 44 53 71 64 66 5 69 90 76 68 9 22 52 76 29 48 71 76 35 51 26 61 80 51 34 70 63 58 79 75 35 49 51 56 19 69 90 73 3 76 26 92 29 79 52 20 31 91 39 1 97 25 75 62 
[VERIFICATORE-1] Stampo il candidato appena estratto: 11 32 78 45 57 60 52 63 91 80 20 99 24 99 62 55 92 52 14 86 8 48 41 19 96 74 22 17 96 76 89 78 97 95 45 76 71 53 83 50 56 43 86 54 9 14 87 50 61 98 10 86 5 90 80 17 52 3 35 81 77 91 19 82 45 47 55 8 16 85 44 78 25 35 96 86 83 74 88 8 26 
[VERIFICATORE-1] Stampo il candidato appena estratto: 16 10 17 38 37 25 72 82 99 23 96 13 92 21 59 62 89 97 65 74 21 78 90 5 76 93 60 80 82 3 4 48 14 26 26 4 18 38 70 93 36 86 27 82 16 38 61 97 25 25 80 22 48 43 24 99 77 79 93 21 8 88 27 3 84 6 86 86 97 25 59 96 10 18 79 71 24 91 34 97 32 
[VERIFICATORE-1] Stampo il candidato appena estratto: 96 54 65 86 46 51 12 32 40 63 36 19 72 41 19 19 20 1 35 15 54 82 25 28 38 8 26 9 15 77 60 1 77 69 90 74 80 9 73 90 34 31 95 76 33 49 98 10 36 66 92 25 11 91 75 68 13 14 33 12 41 10 80 52 61 71 23 86 80 99 56 19 16 76 10 4 39 43 77 17 62 
[VERIFICATORE-1] Stampo il candidato appena estratto: 29 15 3 63 84 71 79 44 83 88 84 1 55 36 58 98 41 71 90 80 11 85 65 61 65 68 62 91 35 25 3 41 40 51 2 33 19 83 30 42 10 76 84 64 33 15 10 6 5 86 59 75 85 97 94 28 33 69 38 86 54 43 13 26 9 61 35 57 74 28 73 30 15 79 62 80 41 46 59 87 86 
[LETTORE-0] Stampo il candidato: 46 95 17 21 169 95 144 95 173 124 66 95 21 169 95 95 95 95 19 95 95 163 95 103 95 95 95 95 95 95 95 95 95 95 95 95 27 95 46 163 95 95 95 144 95 46 95 95 95 95 95 144 95 95 95 95 17 95 95 95 95 95 173 116 66 46 95 95 103 95 144 95 95 95 95 95 95 95 95 95 95 
[LETTORE-0] Stampo il candidato: 57 47 1 28 99 82 1 1 99 89 74 35 62 71 22 19 4 39 1 54 60 8 67 74 87 37 27 1 1 43 97 59 84 59 62 9 1 49 70 13 38 57 36 95 56 89 36 82 23 7 18 46 21 93 38 20 54 55 33 40 71 75 29 40 77 65 83 3 30 35 72 10 99 57 5 46 38 8 61 48 53 
[LETTORE-0] Stampo il candidato: 34 3 71 59 46 60 32 51 84 4 25 64 61 26 92 25 46 1 42 38 61 40 37 29 99 30 19 12 6 53 11 80 96 56 74 45 85 85 22 80 44 85 95 65 71 42 31 88 97 44 7 65 5 6 92 40 20 35 3 63 45 60 95 63 80 5 92 94 22 96 64 18 65 71 47 63 8 42 93 16 68 
[LETTORE-0] Stampo il candidato: 51 10 60 78 10 85 35 88 77 20 73 78 79 48 58 36 66 34 15 57 53 26 99 88 64 62 76 63 68 45 76 61 32 48 75 11 35 18 25 95 93 4 23 56 43 86 71 74 7 27 34 73 77 63 32 76 92 18 66 26 4 28 80 66 52 91 75 32 25 36 35 15 95 62 13 51 84 80 59 31 14 
[LETTORE-0] Stampo il candidato: 13 2 96 48 17 63 25 98 98 3 4 14 85 39 15 78 32 78 50 37 40 15 72 63 43 57 4 79 86 45 11 59 17 79 4 37 5 76 71 80 95 36 26 76 74 21 38 27 6 25 59 46 73 38 58 36 81 18 20 91 86 5 27 56 93 83 91 38 41 63 84 4 3 33 20 66 30 72 73 5 15 
[LETTORE-0] Stampo il candidato: 54 4 88 29 15 66 28 65 87 80 92 57 49 48 89 86 9 24 46 53 65 1 65 45 17 37 36 5 50 15 97 74 2 74 52 35 8 71 5 49 21 13 49 81 4 56 32 98 94 6 41 44 63 15 96 22 95 2 27 40 37 44 61 98 62 60 61 3 41 29 57 63 72 63 79 71 40 21 45 54 23 
[LETTORE-1] Stampo il candidato: 39 37 62 86 25 94 16 69 31 33 43 84 94 86 12 57 83 59 22 21 99 79 84 32 78 28 10 39 11 89 75 5 24 84 93 77 55 67 91 86 34 24 34 55 96 33 98 34 13 23 74 89 10 62 55 18 76 13 91 76 65 57 97 25 83 32 86 70 31 94 52 68 86 6 31 72 77 85 13 23 12 
[VERIFICATORE-1] Stampo il candidato appena estratto: 46 95 17 21 169 95 144 95 173 124 66 95 21 169 95 95 95 95 19 95 95 163 95 103 95 95 95 95 95 95 95 95 95 95 95 95 27 95 46 163 95 95 95 144 95 46 95 95 95 95 95 144 95 95 95 95 17 95 95 95 95 95 173 116 66 46 95 95 103 95 144 95 95 95 95 95 95 95 95 95 95 
[VERIFICATORE-1] Stampo il candidato appena estratto: 57 47 1 28 99 82 1 1 99 89 74 35 62 71 22 19 4 39 1 54 60 8 67 74 87 37 27 1 1 43 97 59 84 59 62 9 1 49 70 13 38 57 36 95 56 89 36 82 23 7 18 46 21 93 38 20 54 55 33 40 71 75 29 40 77 65 83 3 30 35 72 10 99 57 5 46 38 8 61 48 53 
[VERIFICATORE-1] Stampo il candidato appena estratto: 34 3 71 59 46 60 32 51 84 4 25 64 61 26 92 25 46 1 42 38 61 40 37 29 99 30 19 12 6 53 11 80 96 56 74 45 85 85 22 80 44 85 95 65 71 42 31 88 97 44 7 65 5 6 92 40 20 35 3 63 45 60 95 63 80 5 92 94 22 96 64 18 65 71 47 63 8 42 93 16 68 
[VERIFICATORE-1] Stampo il candidato appena estratto: 51 10 60 78 10 85 35 88 77 20 73 78 79 48 58 36 66 34 15 57 53 26 99 88 64 62 76 63 68 45 76 61 32 48 75 11 35 18 25 95 93 4 23 56 43 86 71 74 7 27 34 73 77 63 32 76 92 18 66 26 4 28 80 66 52 91 75 32 25 36 35 15 95 62 13 51 84 80 59 31 14 
[VERIFICATORE-1] Stampo il candidato appena estratto: 13 2 96 48 17 63 25 98 98 3 4 14 85 39 15 78 32 78 50 37 40 15 72 63 43 57 4 79 86 45 11 59 17 79 4 37 5 76 71 80 95 36 26 76 74 21 38 27 6 25 59 46 73 38 58 36 81 18 20 91 86 5 27 56 93 83 91 38 41 63 84 4 3 33 20 66 30 72 73 5 15 
[VERIFICATORE-1] Stampo il candidato appena estratto: 54 4 88 29 15 66 28 65 87 80 92 57 49 48 89 86 9 24 46 53 65 1 65 45 17 37 36 5 50 15 97 74 2 74 52 35 8 71 5 49 21 13 49 81 4 56 32 98 94 6 41 44 63 15 96 22 95 2 27 40 37 44 61 98 62 60 61 3 41 29 57 63 72 63 79 71 40 21 45 54 23 
[VERIFICATORE-1] Stampo il candidato appena estratto: 39 37 62 86 25 94 16 69 31 33 43 84 94 86 12 57 83 59 22 21 99 79 84 32 78 28 10 39 11 89 75 5 24 84 93 77 55 67 91 86 34 24 34 55 96 33 98 34 13 23 74 89 10 62 55 18 76 13 91 76 65 57 97 25 83 32 86 70 31 94 52 68 86 6 31 72 77 85 13 23 12 
[MAIN-0] Matrice semimagica trovata: 57 47 1 28 99 82 1 1 99 89 74 35 62 71 22 19 4 39 1 54 60 8 67 74 87 37 27 1 1 43 97 59 84 59 62 9 1 49 70 13 38 57 36 95 56 89 36 82 23 7 18 46 21 93 38 20 54 55 33 40 71 75 29 40 77 65 83 3 30 35 72 10 99 57 5 46 38 8 61 48 53 
[LETTORE-2] Stampo il candidato: 31 66 11 82 68 31 35 69 77 28 80 54 66 95 59 53 82 47 45 28 62 63 59 2 95 90 10 28 21 7 42 94 17 4 81 5 31 53 52 90 83 11 85 75 1 89 56 49 44 50 31 53 75 59 17 80 17 91 72 34 78 12 90 27 36 85 26 50 64 79 22 14 92 76 43 30 14 74 93 66 59 
[LETTORE-2] Stampo il candidato: 44 54 34 48 76 55 16 91 47 63 96 12 72 35 44 58 42 92 69 28 33 21 48 5 79 4 27 57 83 69 38 76 37 48 63 36 71 40 43 99 4 60 46 52 44 82 21 11 48 6 15 23 35 83 41 4 49 81 51 53 86 42 24 72 81 19 92 28 61 41 33 67 66 9 65 29 65 31 12 49 3 
[LETTORE-2] Stampo il candidato: 91 72 63 87 28 57 1 21 17 36 82 73 65 59 39 51 89 96 50 17 66 52 26 61 73 87 14 40 90 43 59 12 36 62 48 36 63 89 87 20 96 44 64 17 71 11 79 45 1 90 85 76 42 12 59 41 36 19 56 79 3 31 26 79 96 88 67 6 64 10 40 43 67 78 59 12 64 52 32 78 31 
[LETTORE-2] Stampo il candidato: 7 52 9 42 2 68 46 94 11 51 33 24 19 7 10 82 68 46 39 91 76 29 51 84 38 60 83 84 45 15 14 62 26 68 81 69 98 57 47 30 97 72 23 49 10 51 27 31 56 55 74 91 92 64 92 60 20 63 43 11 1 78 80 89 96 61 61 38 99 8 44 99 59 61 77 27 71 26 92 72 36 
[LETTORE-2] Stampo il candidato: 84 84 84 84 84 84 78 90 84 84 84 86 82 84 84 84 84 84 84 119 84 84 84 141 43 90 27 84 84 84 167 84 84 1 84 84 84 82 84 84 84 84 86 84 84 84 119 86 82 84 84 49 84 84 84 84 84 84 84 84 84 84 84 84 84 84 84 84 141 84 84 27 84 82 84 167 84 84 3 84 84 
[LETTORE-2] Stampo il candidato: 52 57 69 33 85 43 87 62 84 94 63 6 36 93 46 15 50 21 56 74 17 22 51 92 48 94 11 15 55 12 65 73 88 35 86 53 23 35 57 16 52 16 43 32 76 48 11 18 77 45 69 22 85 83 66 11 74 6 31 95 48 42 15 67 57 37 13 89 3 56 79 94 26 51 11 34 8 93 25 95 6 
[LETTORE-2] Stampo il candidato: 19 79 66 8 63 78 40 58 94 99 99 12 54 51 53 39 60 38 96 9 94 22 86 72 31 46 49 28 77 74 97 23 3 97 75 31 1 9 29 82 71 89 86 51 87 99 68 65 13 46 83 47 44 40 99 65 18 76 61 56 43 53 34 62 48 58 77 60 44 44 27 85 2 51 89 76 44 27 78 91 47 
[VERIFICATORE-1] Stampo il candidato appena estratto: 31 66 11 82 68 31 35 69 77 28 80 54 66 95 59 53 82 47 45 28 62 63 59 2 95 90 10 28 21 7 42 94 17 4 81 5 31 53 52 90 83 11 85 75 1 89 56 49 44 50 31 53 75 59 17 80 17 91 72 34 78 12 90 27 36 85 26 50 64 79 22 14 92 76 43 30 14 74 93 66 59 
[VERIFICATORE-1] Stampo il candidato appena estratto: 44 54 34 48 76 55 16 91 47 63 96 12 72 35 44 58 42 92 69 28 33 21 48 5 79 4 27 57 83 69 38 76 37 48 63 36 71 40 43 99 4 60 46 52 44 82 21 11 48 6 15 23 35 83 41 4 49 81 51 53 86 42 24 72 81 19 92 28 61 41 33 67 66 9 65 29 65 31 12 49 3 
[VERIFICATORE-1] Stampo il candidato appena estratto: 91 72 63 87 28 57 1 21 17 36 82 73 65 59 39 51 89 96 50 17 66 52 26 61 73 87 14 40 90 43 59 12 36 62 48 36 63 89 87 20 96 44 64 17 71 11 79 45 1 90 85 76 42 12 59 41 36 19 56 79 3 31 26 79 96 88 67 6 64 10 40 43 67 78 59 12 64 52 32 78 31 
[VERIFICATORE-1] Stampo il candidato appena estratto: 7 52 9 42 2 68 46 94 11 51 33 24 19 7 10 82 68 46 39 91 76 29 51 84 38 60 83 84 45 15 14 62 26 68 81 69 98 57 47 30 97 72 23 49 10 51 27 31 56 55 74 91 92 64 92 60 20 63 43 11 1 78 80 89 96 61 61 38 99 8 44 99 59 61 77 27 71 26 92 72 36 
[VERIFICATORE-1] Stampo il candidato appena estratto: 84 84 84 84 84 84 78 90 84 84 84 86 82 84 84 84 84 84 84 119 84 84 84 141 43 90 27 84 84 84 167 84 84 1 84 84 84 82 84 84 84 84 86 84 84 84 119 86 82 84 84 49 84 84 84 84 84 84 84 84 84 84 84 84 84 84 84 84 141 84 84 27 84 82 84 167 84 84 3 84 84 
[VERIFICATORE-1] Stampo il candidato appena estratto: 52 57 69 33 85 43 87 62 84 94 63 6 36 93 46 15 50 21 56 74 17 22 51 92 48 94 11 15 55 12 65 73 88 35 86 53 23 35 57 16 52 16 43 32 76 48 11 18 77 45 69 22 85 83 66 11 74 6 31 95 48 42 15 67 57 37 13 89 3 56 79 94 26 51 11 34 8 93 25 95 6 
[VERIFICATORE-1] Stampo il candidato appena estratto: 19 79 66 8 63 78 40 58 94 99 99 12 54 51 53 39 60 38 96 9 94 22 86 72 31 46 49 28 77 74 97 23 3 97 75 31 1 9 29 82 71 89 86 51 87 99 68 65 13 46 83 47 44 40 99 65 18 76 61 56 43 53 34 62 48 58 77 60 44 44 27 85 2 51 89 76 44 27 78 91 47 
[LETTORE-2] Stampo il candidato: 2 90 30 86 91 10 38 58 63 74 66 59 98 53 18 35 4 89 21 61 22 18 84 80 96 58 99 59 42 94 54 60 13 97 85 46 93 9 59 44 93 68 91 12 4 15 33 68 26 59 78 66 99 67 83 24 23 88 64 54 38 2 94 14 33 83 24 51 59 6 83 34 93 9 49 32 96 18 79 11 42 
[LETTORE-2] Stampo il candidato: 28 99 95 21 62 56 51 56 99 13 85 1 59 47 14 27 9 64 81 83 37 41 18 4 87 72 73 25 7 80 17 49 85 6 12 20 28 25 70 60 92 11 6 78 98 14 23 34 39 64 38 7 81 45 61 80 65 57 56 16 13 62 35 73 34 8 50 43 7 91 64 13 20 27 30 77 95 55 12 63 90 
[LETTORE-2] Stampo il candidato: 10 85 42 86 40 77 22 29 18 37 92 40 83 63 86 68 48 83 2 82 38 38 44 65 29 85 22 31 5 13 97 64 30 60 63 38 46 76 77 91 60 72 99 41 46 67 54 51 10 32 51 53 88 68 8 34 39 93 19 67 70 2 86 76 96 85 95 43 37 17 92 64 32 4 71 53 14 67 17 18 89 
[LETTORE-2] Stampo il candidato: 74 54 53 84 72 70 69 93 19 93 6 96 11 7 83 90 66 29 97 61 42 35 25 93 21 85 88 32 53 16 86 60 8 15 28 13 59 34 39 6 68 1 60 86 70 10 33 91 74 83 9 78 37 97 71 12 56 17 66 44 25 63 93 22 73 54 93 46 43 5 38 84 47 28 89 36 61 83 49 84 46 
[LETTORE-2] Stampo il candidato: 99 78 92 1 11 7 66 39 26 82 20 67 10 3 90 69 22 56 30 83 16 56 85 64 1 53 31 99 68 8 52 7 76 20 6 83 1 1 1 85 94 34 92 85 26 1 33 61 67 33 82 70 66 6 1 28 81 20 69 21 43 79 77 99 29 28 63 21 16 21 49 93 7 79 65 65 96 29 37 20 21 
[LETTORE-2] Stampo il candidato: 13 48 38 68 50 99 42 11 53 16 11 20 91 57 87 10 72 24 49 79 81 83 62 94 91 88 43 44 35 91 87 24 46 22 18 77 79 91 95 31 97 76 81 94 4 30 52 25 24 84 93 43 21 15 3 75 97 19 12 13 61 82 13 79 14 34 91 82 21 2 92 20 87 84 33 70 67 92 69 37 26 
[LETTORE-2] Stampo il candidato: 87 91 63 45 62 63 99 30 98 6 98 56 8 48 10 62 95 67 38 89 81 7 68 7 61 40 26 17 43 3 60 10 89 78 22 29 91 76 49 72 46 40 49 74 73 84 41 12 21 80 44 15 77 61 58 49 2 42 78 22 98 48 86 43 93 32 57 61 81 39 62 83 88 60 7 50 57 71 99 16 64 
[MAIN-0] Matrice semimagica trovata: 19 79 66 8 63 78 40 58 94 99 99 12 54 51 53 39 60 38 96 9 94 22 86 72 31 46 49 28 77 74 97 23 3 97 75 31 1 9 29 82 71 89 86 51 87 99 68 65 13 46 83 47 44 40 99 65 18 76 61 56 43 53 34 62 48 58 77 60 44 44 27 85 2 51 89 76 44 27 78 91 47 
[LETTORE-1] Stampo il candidato: 7 21 52 13 55 46 27 79 29 52 93 87 94 82 48 51 96 30 30 45 31 35 78 35 28 14 20 38 81 55 36 31 53 54 88 36 73 18 97 4 72 96 89 58 91 3 6 86 67 44 28 87 68 10 11 95 63 21 57 27 22 6 45 70 50 88 82 75 70 2 57 84 3 30 89 83 85 78 71 93 64 
[VERIFICATORE-1] Stampo il candidato appena estratto: 2 90 30 86 91 10 38 58 63 74 66 59 98 53 18 35 4 89 21 61 22 18 84 80 96 58 99 59 42 94 54 60 13 97 85 46 93 9 59 44 93 68 91 12 4 15 33 68 26 59 78 66 99 67 83 24 23 88 64 54 38 2 94 14 33 83 24 51 59 6 83 34 93 9 49 32 96 18 79 11 42 
[VERIFICATORE-1] Stampo il candidato appena estratto: 28 99 95 21 62 56 51 56 99 13 85 1 59 47 14 27 9 64 81 83 37 41 18 4 87 72 73 25 7 80 17 49 85 6 12 20 28 25 70 60 92 11 6 78 98 14 23 34 39 64 38 7 81 45 61 80 65 57 56 16 13 62 35 73 34 8 50 43 7 91 64 13 20 27 30 77 95 55 12 63 90 
[VERIFICATORE-1] Stampo il candidato appena estratto: 10 85 42 86 40 77 22 29 18 37 92 40 83 63 86 68 48 83 2 82 38 38 44 65 29 85 22 31 5 13 97 64 30 60 63 38 46 76 77 91 60 72 99 41 46 67 54 51 10 32 51 53 88 68 8 34 39 93 19 67 70 2 86 76 96 85 95 43 37 17 92 64 32 4 71 53 14 67 17 18 89 
[VERIFICATORE-1] Stampo il candidato appena estratto: 74 54 53 84 72 70 69 93 19 93 6 96 11 7 83 90 66 29 97 61 42 35 25 93 21 85 88 32 53 16 86 60 8 15 28 13 59 34 39 6 68 1 60 86 70 10 33 91 74 83 9 78 37 97 71 12 56 17 66 44 25 63 93 22 73 54 93 46 43 5 38 84 47 28 89 36 61 83 49 84 46 
[VERIFICATORE-1] Stampo il candidato appena estratto: 99 78 92 1 11 7 66 39 26 82 20 67 10 3 90 69 22 56 30 83 16 56 85 64 1 53 31 99 68 8 52 7 76 20 6 83 1 1 1 85 94 34 92 85 26 1 33 61 67 33 82 70 66 6 1 28 81 20 69 21 43 79 77 99 29 28 63 21 16 21 49 93 7 79 65 65 96 29 37 20 21 
[VERIFICATORE-1] Stampo il candidato appena estratto: 13 48 38 68 50 99 42 11 53 16 11 20 91 57 87 10 72 24 49 79 81 83 62 94 91 88 43 44 35 91 87 24 46 22 18 77 79 91 95 31 97 76 81 94 4 30 52 25 24 84 93 43 21 15 3 75 97 19 12 13 61 82 13 79 14 34 91 82 21 2 92 20 87 84 33 70 67 92 69 37 26 
[MAIN-0] Matrice semimagica trovata: 99 78 92 1 11 7 66 39 26 82 20 67 10 3 90 69 22 56 30 83 16 56 85 64 1 53 31 99 68 8 52 7 76 20 6 83 1 1 1 85 94 34 92 85 26 1 33 61 67 33 82 70 66 6 1 28 81 20 69 21 43 79 77 99 29 28 63 21 16 21 49 93 7 79 65 65 96 29 37 20 21 
[LETTORE-0] Stampo il candidato: 86 70 39 64 68 47 88 46 65 74 50 19 60 25 55 31 16 82 44 83 23 2 64 43 4 67 97 41 99 25 2 6 48 30 57 24 75 34 71 22 53 46 44 93 75 44 44 56 80 50 79 50 42 95 98 20 90 64 79 31 25 28 23 69 94 43 14 55 95 77 48 67 18 99 96 14 94 74 65 91 72 
[LETTORE-0] Stampo il candidato: 90 46 13 21 16 47 35 67 64 71 39 71 80 17 31 58 79 46 33 18 12 82 68 93 74 76 63 80 94 29 48 52 48 30 41 28 3 75 85 28 8 1 95 21 64 56 99 3 73 17 35 25 64 54 55 26 79 23 53 71 56 9 83 80 15 53 79 24 52 75 46 51 21 21 22 11 79 76 14 88 53 
[LETTORE-0] Stampo il candidato: 94 72 11 42 70 14 72 9 39 18 17 17 98 62 56 9 85 97 4 75 32 75 52 70 71 82 49 73 43 1 71 13 36 84 24 6 39 20 60 25 71 80 92 36 98 67 65 7 80 53 3 59 93 3 58 24 46 85 11 59 15 5 82 9 41 87 80 45 77 71 98 78 85 84 87 88 19 86 5 91 70 
[LETTORE-0] Stampo il candidato: 87 66 37 42 77 89 24 59 86 39 33 76 62 23 4 53 32 98 79 56 98 36 35 49 62 8 16 48 12 80 47 21 54 71 1 44 9 88 61 92 11 8 37 70 44 10 27 95 28 37 31 40 84 78 48 87 38 47 93 59 95 34 48 17 4 44 95 49 42 90 77 22 32 79 6 13 47 24 57 1 13 
[LETTORE-0] Stampo il candidato: 90 71 71 8 39 95 55 41 3 43 48 54 12 19 98 33 42 51 10 15 98 5 40 68 32 34 33 52 81 70 93 39 59 63 36 35 51 84 31 89 12 11 67 72 85 73 7 1 32 57 77 82 31 53 2 81 13 80 58 98 72 42 96 28 89 57 27 34 52 27 18 1 50 20 15 56 82 62 38 6 6 
[VERIFICATORE-1] Stampo il candidato appena estratto: 87 91 63 45 62 63 99 30 98 6 98 56 8 48 10 62 95 67 38 89 81 7 68 7 61 40 26 17 43 3 60 10 89 78 22 29 91 76 49 72 46 40 49 74 73 84 41 12 21 80 44 15 77 61 58 49 2 42 78 22 98 48 86 43 93 32 57 61 81 39 62 83 88 60 7 50 57 71 99 16 64 
[VERIFICATORE-1] Stampo il candidato appena estratto: 7 21 52 13 55 46 27 79 29 52 93 87 94 82 48 51 96 30 30 45 31 35 78 35 28 14 20 38 81 55 36 31 53 54 88 36 73 18 97 4 72 96 89 58 91 3 6 86 67 44 28 87 68 10 11 95 63 21 57 27 22 6 45 70 50 88 82 75 70 2 57 84 3 30 89 83 85 78 71 93 64 
[VERIFICATORE-1] Stampo il candidato appena estratto: 86 70 39 64 68 47 88 46 65 74 50 19 60 25 55 31 16 82 44 83 23 2 64 43 4 67 97 41 99 25 2 6 48 30 57 24 75 34 71 22 53 46 44 93 75 44 44 56 80 50 79 50 42 95 98 20 90 64 79 31 25 28 23 69 94 43 14 55 95 77 48 67 18 99 96 14 94 74 65 91 72 
[VERIFICATORE-1] Stampo il candidato appena estratto: 90 46 13 21 16 47 35 67 64 71 39 71 80 17 31 58 79 46 33 18 12 82 68 93 74 76 63 80 94 29 48 52 48 30 41 28 3 75 85 28 8 1 95 21 64 56 99 3 73 17 35 25 64 54 55 26 79 23 53 71 56 9 83 80 15 53 79 24 52 75 46 51 21 21 22 11 79 76 14 88 53 
[VERIFICATORE-1] Stampo il candidato appena estratto: 94 72 11 42 70 14 72 9 39 18 17 17 98 62 56 9 85 97 4 75 32 75 52 70 71 82 49 73 43 1 71 13 36 84 24 6 39 20 60 25 71 80 92 36 98 67 65 7 80 53 3 59 93 3 58 24 46 85 11 59 15 5 82 9 41 87 80 45 77 71 98 78 85 84 87 88 19 86 5 91 70 
[VERIFICATORE-1] Stampo il candidato appena estratto: 87 66 37 42 77 89 24 59 86 39 33 76 62 23 4 53 32 98 79 56 98 36 35 49 62 8 16 48 12 80 47 21 54 71 1 44 9 88 61 92 11 8 37 70 44 10 27 95 28 37 31 40 84 78 48 87 38 47 93 59 95 34 48 17 4 44 95 49 42 90 77 22 32 79 6 13 47 24 57 1 13 
[VERIFICATORE-1] Stampo il candidato appena estratto: 90 71 71 8 39 95 55 41 3 43 48 54 12 19 98 33 42 51 10 15 98 5 40 68 32 34 33 52 81 70 93 39 59 63 36 35 51 84 31 89 12 11 67 72 85 73 7 1 32 57 77 82 31 53 2 81 13 80 58 98 72 42 96 28 89 57 27 34 52 27 18 1 50 20 15 56 82 62 38 6 6 
[LETTORE-0] Stampo il candidato: 8 95 88 64 52 68 52 46 60 25 70 28 74 33 80 20 32 63 80 37 49 15 45 8 53 90 21 53 71 60 3 78 74 11 3 56 61 14 87 93 68 77 94 79 87 89 82 36 26 37 52 46 41 54 90 29 48 14 27 17 2 5 99 26 72 50 92 21 57 92 45 46 41 94 33 59 28 17 5 66 97 
[LETTORE-0] Stampo il candidato: 35 9 65 47 92 67 97 64 8 39 62 98 52 20 79 18 12 8 78 8 95 69 58 94 80 28 90 79 79 3 97 82 80 94 56 6 20 48 75 90 71 69 38 6 98 76 93 75 73 54 83 68 69 76 91 68 4 26 98 26 68 54 61 95 48 64 30 62 1 43 32 15 45 26 32 13 14 6 93 79 6 
[LETTORE-0] Stampo il candidato: 20 4 2 73 85 83 38 21 52 67 42 23 72 42 15 94 51 43 57 96 35 26 81 25 3 48 67 19 93 68 63 14 33 54 35 34 23 87 64 47 4 73 11 9 71 8 49 6 52 22 84 10 43 65 10 72 9 3 9 30 23 82 73 76 40 78 73 28 8 31 41 30 25 85 7 91 14 55 97 85 10 
[LETTORE-0] Stampo il candidato: 20 78 76 91 2 47 62 10 26 78 70 41 58 69 89 20 16 64 95 62 33 63 5 81 51 6 52 43 14 84 72 99 5 35 57 95 43 6 79 96 70 33 75 9 18 62 86 32 45 54 16 14 40 95 94 42 11 44 30 55 88 1 80 25 42 58 92 82 54 4 69 39 46 6 39 9 48 24 14 15 69 
[LETTORE-0] Stampo il candidato: 76 52 43 59 3 11 89 72 89 81 40 34 18 81 91 48 28 98 35 10 55 92 33 29 45 91 16 57 75 94 48 11 22 65 25 80 14 84 8 22 81 19 27 10 89 41 8 40 12 13 72 83 77 10 66 65 86 83 49 44 82 44 34 68 70 64 67 2 8 94 44 95 14 29 99 77 61 29 26 82 27 
[LETTORE-0] Stampo il candidato: 23 24 84 89 42 71 13 43 74 32 88 99 40 86 46 61 79 99 60 69 63 72 67 75 98 64 90 8 77 77 87 76 80 68 29 35 67 5 56 24 85 36 68 24 39 10 87 1 44 96 72 22 13 49 74 83 88 32 86 79 3 68 94 71 28 45 7 86 48 90 2 99 63 19 57 76 18 88 66 3 41 
[LETTORE-0] Stampo il candidato: 99 1 99 96 1 15 40 40 40 6 26 76 16 57 50 91 21 88 37 69 15 67 46 57 30 72 38 1 34 36 60 88 57 83 64 8 99 99 39 19 61 45 23 18 28 99 68 17 33 12 35 92 18 57 1 1 50 40 76 79 11 77 96 88 61 66 3 82 45 10 31 45 1 72 33 97 8 48 51 90 31 
[VERIFICATORE-1] Stampo il candidato appena estratto: 8 95 88 64 52 68 52 46 60 25 70 28 74 33 80 20 32 63 80 37 49 15 45 8 53 90 21 53 71 60 3 78 74 11 3 56 61 14 87 93 68 77 94 79 87 89 82 36 26 37 52 46 41 54 90 29 48 14 27 17 2 5 99 26 72 50 92 21 57 92 45 46 41 94 33 59 28 17 5 66 97 
[VERIFICATORE-1] Stampo il candidato appena estratto: 35 9 65 47 92 67 97 64 8 39 62 98 52 20 79 18 12 8 78 8 95 69 58 94 80 28 90 79 79 3 97 82 80 94 56 6 20 48 75 90 71 69 38 6 98 76 93 75 73 54 83 68 69 76 91 68 4 26 98 26 68 54 61 95 48 64 30 62 1 43 32 15 45 26 32 13 14 6 93 79 6 
[VERIFICATORE-1] Stampo il candidato appena estratto: 20 4 2 73 85 83 38 21 52 67 42 23 72 42 15 94 51 43 57 96 35 26 81 25 3 48 67 19 93 68 63 14 33 54 35 34 23 87 64 47 4 73 11 9 71 8 49 6 52 22 84 10 43 65 10 72 9 3 9 30 23 82 73 76 40 78 73 28 8 31 41 30 25 85 7 91 14 55 97 85 10 
[VERIFICATORE-1] Stampo il candidato appena estratto: 20 78 76 91 2 47 62 10 26 78 70 41 58 69 89 20 16 64 95 62 33 63 5 81 51 6 52 43 14 84 72 99 5 35 57 95 43 6 79 96 70 33 75 9 18 62 86 32 45 54 16 14 40 95 94 42 11 44 30 55 88 1 80 25 42 58 92 82 54 4 69 39 46 6 39 9 48 24 14 15 69 
[VERIFICATORE-1] Stampo il candidato appena estratto: 76 52 43 59 3 11 89 72 89 81 40 34 18 81 91 48 28 98 35 10 55 92 33 29 45 91 16 57 75 94 48 11 22 65 25 80 14 84 8 22 81 19 27 10 89 41 8 40 12 13 72 83 77 10 66 65 86 83 49 44 82 44 34 68 70 64 67 2 8 94 44 95 14 29 99 77 61 29 26 82 27 
[VERIFICATORE-1] Stampo il candidato appena estratto: 23 24 84 89 42 71 13 43 74 32 88 99 40 86 46 61 79 99 60 69 63 72 67 75 98 64 90 8 77 77 87 76 80 68 29 35 67 5 56 24 85 36 68 24 39 10 87 1 44 96 72 22 13 49 74 83 88 32 86 79 3 68 94 71 28 45 7 86 48 90 2 99 63 19 57 76 18 88 66 3 41 
[VERIFICATORE-1] Stampo il candidato appena estratto: 99 1 99 96 1 15 40 40 40 6 26 76 16 57 50 91 21 88 37 69 15 67 46 57 30 72 38 1 34 36 60 88 57 83 64 8 99 99 39 19 61 45 23 18 28 99 68 17 33 12 35 92 18 57 1 1 50 40 76 79 11 77 96 88 61 66 3 82 45 10 31 45 1 72 33 97 8 48 51 90 31 
[LETTORE-0] Stampo il candidato: 15 22 4 82 46 66 43 9 63 50 23 11 70 33 90 4 43 61 21 7 30 67 26 94 90 86 42 12 32 99 91 30 21 48 9 44 90 7 13 72 97 77 30 14 67 92 68 72 21 15 99 36 33 10 1 28 59 82 57 47 24 65 57 53 85 74 64 71 85 33 58 45 37 64 94 55 58 87 80 27 21 
[LETTORE-0] Stampo il candidato: 22 63 1 37 33 7 22 31 49 64 94 27 20 69 72 80 77 7 63 45 67 32 61 68 86 46 54 30 38 54 3 8 94 27 30 17 37 11 48 90 73 64 66 13 76 89 38 47 74 69 12 98 20 25 14 18 59 96 20 97 29 64 23 74 38 31 94 7 15 89 58 64 64 94 91 31 77 51 3 87 36 
[LETTORE-0] Stampo il candidato: 51 4 21 5 28 20 98 12 31 61 10 77 36 27 76 33 10 70 33 71 22 95 55 32 81 58 71 41 51 73 49 50 29 99 75 84 8 13 64 43 31 89 21 40 14 44 77 69 64 71 47 64 24 75 50 16 66 18 38 60 21 78 21 50 60 90 42 59 67 76 96 75 47 17 75 71 14 7 66 73 9 
[LETTORE-0] Stampo il candidato: 8 62 91 34 13 78 28 31 64 47 8 91 16 28 93 20 61 15 66 29 94 90 75 83 74 26 30 37 60 72 83 75 61 17 78 30 56 75 89 3 21 3 55 57 27 10 3 56 34 18 28 64 98 10 85 79 72 27 61 8 41 73 5 34 12 74 81 8 63 61 36 99 45 55 76 76 51 49 50 28 19 
[LETTORE-0] Stampo il candidato: 3 37 76 12 52 67 57 4 5 62 38 9 9 45 4 36 46 40 43 96 43 76 96 67 12 57 76 95 81 80 24 99 42 80 30 98 26 83 25 15 74 30 20 9 32 4 46 16 43 9 14 43 69 15 66 16 94 64 44 39 83 20 10 82 3 58 60 87 19 18 19 85 92 13 1 13 54 5 24 1 31 
[LETTORE-0] Stampo il candidato: 91 18 81 53 81 26 15 85 36 67 76 72 8 50 13 34 64 50 6 55 38 14 42 84 31 87 7 66 93 44 70 4 59 89 19 52 99 16 1 98 38 25 3 92 8 51 93 81 56 35 14 90 67 91 50 74 35 23 59 46 18 72 86 73 9 25 65 36 47 23 99 37 22 45 56 47 29 20 22 72 81 
[LETTORE-0] Stampo il candidato: 44 37 25 93 91 66 95 12 52 54 42 55 24 19 85 76 61 68 85 73 8 81 61 58 74 93 34 41 63 49 65 34 7 34 38 71 59 92 46 94 12 9 64 24 43 58 26 48 73 54 9 54 93 59 91 69 72 83 5 70 86 73 52 22 41 71 14 95 89 11 13 11 2 81 84 21 5 57 31 8 34 
[MAIN-0] Matrice semimagica trovata: 99 1 99 96 1 15 40 40 40 6 26 76 16 57 50 91 21 88 37 69 15 67 46 57 30 72 38 1 34 36 60 88 57 83 64 8 99 99 39 19 61 45 23 18 28 99 68 17 33 12 35 92 18 57 1 1 50 40 76 79 11 77 96 88 61 66 3 82 45 10 31 45 1 72 33 97 8 48 51 90 31 
[LETTORE-1] Stampo il candidato: 71 31 31 35 79 79 91 58 2 8 88 72 43 27 4 37 4 31 44 92 32 64 61 54 52 29 79 5 47 48 97 42 83 86 82 61 59 12 37 72 21 10 54 55 51 63 81 89 47 26 75 33 41 14 83 45 62 14 36 65 35 60 73 49 30 74 78 69 13 70 59 9 54 94 57 4 87 28 58 7 52 
[VERIFICATORE-1] Stampo il candidato appena estratto: 15 22 4 82 46 66 43 9 63 50 23 11 70 33 90 4 43 61 21 7 30 67 26 94 90 86 42 12 32 99 91 30 21 48 9 44 90 7 13 72 97 77 30 14 67 92 68 72 21 15 99 36 33 10 1 28 59 82 57 47 24 65 57 53 85 74 64 71 85 33 58 45 37 64 94 55 58 87 80 27 21 
[VERIFICATORE-1] Stampo il candidato appena estratto: 22 63 1 37 33 7 22 31 49 64 94 27 20 69 72 80 77 7 63 45 67 32 61 68 86 46 54 30 38 54 3 8 94 27 30 17 37 11 48 90 73 64 66 13 76 89 38 47 74 69 12 98 20 25 14 18 59 96 20 97 29 64 23 74 38 31 94 7 15 89 58 64 64 94 91 31 77 51 3 87 36 
[VERIFICATORE-1] Stampo il candidato appena estratto: 51 4 21 5 28 20 98 12 31 61 10 77 36 27 76 33 10 70 33 71 22 95 55 32 81 58 71 41 51 73 49 50 29 99 75 84 8 13 64 43 31 89 21 40 14 44 77 69 64 71 47 64 24 75 50 16 66 18 38 60 21 78 21 50 60 90 42 59 67 76 96 75 47 17 75 71 14 7 66 73 9 
[VERIFICATORE-1] Stampo il candidato appena estratto: 8 62 91 34 13 78 28 31 64 47 8 91 16 28 93 20 61 15 66 29 94 90 75 83 74 26 30 37 60 72 83 75 61 17 78 30 56 75 89 3 21 3 55 57 27 10 3 56 34 18 28 64 98 10 85 79 72 27 61 8 41 73 5 34 12 74 81 8 63 61 36 99 45 55 76 76 51 49 50 28 19 
[VERIFICATORE-1] Stampo il candidato appena estratto: 3 37 76 12 52 67 57 4 5 62 38 9 9 45 4 36 46 40 43 96 43 76 96 67 12 57 76 95 81 80 24 99 42 80 30 98 26 83 25 15 74 30 20 9 32 4 46 16 43 9 14 43 69 15 66 16 94 64 44 39 83 20 10 82 3 58 60 87 19 18 19 85 92 13 1 13 54 5 24 1 31 
[VERIFICATORE-1] Stampo il candidato appena estratto: 91 18 81 53 81 26 15 85 36 67 76 72 8 50 13 34 64 50 6 55 38 14 42 84 31 87 7 66 93 44 70 4 59 89 19 52 99 16 1 98 38 25 3 92 8 51 93 81 56 35 14 90 67 91 50 74 35 23 59 46 18 72 86 73 9 25 65 36 47 23 99 37 22 45 56 47 29 20 22 72 81 
[VERIFICATORE-1] Stampo il candidato appena estratto: 71 31 31 35 79 79 91 58 2 8 88 72 43 27 4 37 4 31 44 92 32 64 61 54 52 29 79 5 47 48 97 42 83 86 82 61 59 12 37 72 21 10 54 55 51 63 81 89 47 26 75 33 41 14 83 45 62 14 36 65 35 60 73 49 30 74 78 69 13 70 59 9 54 94 57 4 87 28 58 7 52 
[VERIFICATORE-1] Stampo il candidato appena estratto: 44 37 25 93 91 66 95 12 52 54 42 55 24 19 85 76 61 68 85 73 8 81 61 58 74 93 34 41 63 49 65 34 7 34 38 71 59 92 46 94 12 9 64 24 43 58 26 48 73 54 9 54 93 59 91 69 72 83 5 70 86 73 52 22 41 71 14 95 89 11 13 11 2 81 84 21 5 57 31 8 34 
[LETTORE-0] Stampo il candidato: 41 41 75 97 30 43 98 51 90 10 68 41 31 38 46 41 99 49 90 55 60 57 50 33 84 79 4 87 9 41 63 15 72 55 34 6 59 94 92 97 79 63 2 39 11 34 31 25 5 51 33 82 63 75 67 94 43 65 92 79 63 59 77 56 28 22 26 11 39 34 23 77 2 75 71 69 85 26 79 33 35 
[LETTORE-0] Stampo il candidato: 26 16 13 18 98 24 13 49 54 9 79 81 7 72 87 81 21 89 86 61 5 46 92 18 58 74 98 14 28 27 42 67 97 37 66 14 95 69 2 90 42 41 67 37 90 30 44 45 94 46 61 41 81 52 59 32 82 17 90 46 1 13 33 42 80 64 26 79 61 10 59 88 44 91 26 69 21 90 57 82 32 
[LETTORE-0] Stampo il candidato: 37 61 38 2 1 62 21 54 91 28 17 37 95 49 88 8 31 59 2 41 12 84 83 78 66 63 82 38 63 11 92 85 65 46 44 53 62 7 82 88 66 3 53 16 73 83 25 94 17 45 23 12 61 29 64 41 65 44 16 86 72 32 4 92 31 36 5 92 16 1 33 44 24 34 15 53 79 63 26 11 47 
[LETTORE-0] Stampo il candidato: 10 81 21 85 52 34 89 16 16 89 54 20 36 35 75 57 84 74 63 51 91 26 39 98 29 18 23 25 28 34 31 56 51 42 1 18 3 87 73 39 72 95 65 25 10 47 84 33 80 42 95 43 23 84 58 90 22 78 53 45 97 3 74 96 85 79 9 62 9 26 30 55 79 44 34 94 57 34 70 77 65 
[LETTORE-0] Stampo il candidato: 99 25 15 99 99 97 1 1 66 10 40 90 41 78 54 17 88 84 34 70 91 68 57 38 27 90 27 58 35 81 66 48 65 74 33 42 1 45 63 75 82 88 65 18 65 95 24 38 32 45 91 96 70 11 7 76 36 43 47 38 87 91 77 99 99 42 52 22 23 66 16 83 99 88 46 26 24 8 69 95 47 
[LETTORE-0] Stampo il candidato: 37 73 86 7 53 97 93 18 17 39 84 81 82 64 95 60 86 67 4 81 8 69 46 79 23 63 75 32 69 3 13 26 89 48 95 34 29 28 82 14 28 75 87 10 15 60 53 25 6 67 56 31 88 56 25 18 11 58 95 97 12 44 1 19 14 52 56 77 70 23 66 41 25 35 91 9 37 65 80 29 40 
[LETTORE-0] Stampo il candidato: 99 99 1 1 22 47 89 1 99 48 95 36 12 77 40 58 23 69 56 51 81 54 59 86 21 45 5 96 12 26 38 56 83 25 65 57 1 1 30 86 62 79 82 58 59 83 90 66 42 9 53 23 54 38 1 1 47 98 38 25 95 78 75 36 43 78 91 55 33 62 50 10 38 66 93 36 80 12 3 84 46 
[VERIFICATORE-1] Stampo il candidato appena estratto: 41 41 75 97 30 43 98 51 90 10 68 41 31 38 46 41 99 49 90 55 60 57 50 33 84 79 4 87 9 41 63 15 72 55 34 6 59 94 92 97 79 63 2 39 11 34 31 25 5 51 33 82 63 75 67 94 43 65 92 79 63 59 77 56 28 22 26 11 39 34 23 77 2 75 71 69 85 26 79 33 35 
[VERIFICATORE-1] Stampo il candidato appena estratto: 26 16 13 18 98 24 13 49 54 9 79 81 7 72 87 81 21 89 86 61 5 46 92 18 58 74 98 14 28 27 42 67 97 37 66 14 95 69 2 90 42 41 67 37 90 30 44 45 94 46 61 41 81 52 59 32 82 17 90 46 1 13 33 42 80 64 26 79 61 10 59 88 44 91 26 69 21 90 57 82 32 
[VERIFICATORE-1] Stampo il candidato appena estratto: 37 61 38 2 1 62 21 54 91 28 17 37 95 49 88 8 31 59 2 41 12 84 83 78 66 63 82 38 63 11 92 85 65 46 44 53 62 7 82 88 66 3 53 16 73 83 25 94 17 45 23 12 61 29 64 41 65 44 16 86 72 32 4 92 31 36 5 92 16 1 33 44 24 34 15 53 79 63 26 11 47 
[VERIFICATORE-1] Stampo il candidato appena estratto: 10 81 21 85 52 34 89 16 16 89 54 20 36 35 75 57 84 74 63 51 91 26 39 98 29 18 23 25 28 34 31 56 51 42 1 18 3 87 73 39 72 95 65 25 10 47 84 33 80 42 95 43 23 84 58 90 22 78 53 45 97 3 74 96 85 79 9 62 9 26 30 55 79 44 34 94 57 34 70 77 65 
[VERIFICATORE-1] Stampo il candidato appena estratto: 99 25 15 99 99 97 1 1 66 10 40 90 41 78 54 17 88 84 34 70 91 68 57 38 27 90 27 58 35 81 66 48 65 74 33 42 1 45 63 75 82 88 65 18 65 95 24 38 32 45 91 96 70 11 7 76 36 43 47 38 87 91 77 99 99 42 52 22 23 66 16 83 99 88 46 26 24 8 69 95 47 
[VERIFICATORE-1] Stampo il candidato appena estratto: 37 73 86 7 53 97 93 18 17 39 84 81 82 64 95 60 86 67 4 81 8 69 46 79 23 63 75 32 69 3 13 26 89 48 95 34 29 28 82 14 28 75 87 10 15 60 53 25 6 67 56 31 88 56 25 18 11 58 95 97 12 44 1 19 14 52 56 77 70 23 66 41 25 35 91 9 37 65 80 29 40 
[VERIFICATORE-1] Stampo il candidato appena estratto: 99 99 1 1 22 47 89 1 99 48 95 36 12 77 40 58 23 69 56 51 81 54 59 86 21 45 5 96 12 26 38 56 83 25 65 57 1 1 30 86 62 79 82 58 59 83 90 66 42 9 53 23 54 38 1 1 47 98 38 25 95 78 75 36 43 78 91 55 33 62 50 10 38 66 93 36 80 12 3 84 46 
[LETTORE-2] Stampo il candidato: 44 53 66 55 66 52 89 57 64 21 93 75 11 16 63 74 11 83 79 8 79 38 55 93 1 4 91 90 50 72 1 67 93 78 93 56 63 99 27 14 45 73 13 37 66 64 97 86 19 85 20 50 81 1 97 7 37 89 85 6 94 82 42 59 49 83 38 27 60 30 76 52 6 30 8 13 88 13 42 2 32 
[LETTORE-2] Stampo il candidato: 4 29 47 75 69 15 59 43 47 78 86 41 84 37 47 88 11 42 29 80 45 92 38 99 3 74 62 21 3 87 96 64 86 99 12 59 36 58 37 49 31 23 52 85 52 39 2 43 91 35 40 75 5 52 66 69 7 9 99 48 22 1 86 88 49 30 42 63 31 45 53 39 3 72 23 94 54 1 48 21 43 
[LETTORE-2] Stampo il candidato: 70 87 46 20 1 29 39 70 74 51 65 82 64 8 22 25 51 55 52 66 59 44 82 53 86 15 74 61 3 66 10 64 81 78 49 80 66 76 60 61 49 70 87 72 31 82 89 23 3 83 92 66 12 75 89 53 44 83 37 12 88 84 6 20 8 78 55 33 26 99 41 67 95 45 53 65 13 79 71 98 60 
[LETTORE-2] Stampo il candidato: 17 84 13 47 94 98 50 95 98 84 26 12 35 89 28 27 77 69 60 26 67 18 82 89 61 89 58 37 45 69 69 55 25 35 7 19 79 48 59 74 93 75 64 18 21 44 82 32 98 88 51 46 2 66 72 2 50 55 24 92 67 14 41 92 63 81 61 59 59 72 17 2 47 65 59 65 14 11 87 27 76 
[LETTORE-2] Stampo il candidato: 1 72 14 99 72 99 50 77 1 81 99 41 39 51 9 83 15 67 81 4 89 32 75 36 12 85 71 99 59 71 44 39 2 92 18 61 99 99 63 78 73 33 8 4 28 99 77 27 23 23 96 63 2 75 23 67 68 73 68 43 25 93 25 1 6 61 4 80 99 59 99 76 1 2 51 93 4 68 93 92 81 
[LETTORE-2] Stampo il candidato: 67 98 39 21 89 5 2 57 41 48 33 82 55 22 15 74 1 20 63 21 4 21 65 75 7 3 8 39 34 33 47 49 61 8 58 63 64 89 57 16 2 63 27 77 68 95 39 65 46 52 26 6 73 52 58 90 39 95 77 48 52 88 78 31 37 13 60 55 55 46 11 67 46 41 55 72 45 92 72 28 77 
[LETTORE-1] Stampo il candidato: 54 23 21 94 99 23 86 25 32 96 81 5 72 10 20 56 29 64 23 83 20 95 45 59 8 89 90 5 71 39 44 49 99 60 32 42 53 27 86 78 1 38 18 57 86 55 42 43 73 3 5 55 96 43 94 80 35 22 39 22 4 78 86 78 98 54 51 78 28 6 68 92 84 45 41 78 10 52 35 42 79 
[LETTORE-0] Stampo il candidato: 49 82 5 98 7 52 9 86 55 81 16 32 20 5 65 64 4 52 98 23 86 52 76 68 17 19 30 25 61 85 26 74 78 54 43 74 84 1 15 20 93 83 98 51 80 94 65 87 48 62 50 65 16 29 22 98 27 65 76 13 71 76 55 53 38 87 19 72 2 11 53 74 92 3 33 98 10 19 6 52 79 
[MAIN-0] Matrice semimagica trovata: 99 25 15 99 99 97 1 1 66 10 40 90 41 78 54 17 88 84 34 70 91 68 57 38 27 90 27 58 35 81 66 48 65 74 33 42 1 45 63 75 82 88 65 18 65 95 24 38 32 45 91 96 70 11 7 76 36 43 47 38 87 91 77 99 99 42 52 22 23 66 16 83 99 88 46 26 24 8 69 95 47 
[MAIN-0] Matrice semimagica trovata: 99 99 1 1 22 47 89 1 99 48 95 36 12 77 40 58 23 69 56 51 81 54 59 86 21 45 5 96 12 26 38 56 83 25 65 57 1 1 30 86 62 79 82 58 59 83 90 66 42 9 53 23 54 38 1 1 47 98 38 25 95 78 75 36 43 78 91 55 33 62 50 10 38 66 93 36 80 12 3 84 46 
[VERIFICATORE-1] Stampo il candidato appena estratto: 44 53 66 55 66 52 89 57 64 21 93 75 11 16 63 74 11 83 79 8 79 38 55 93 1 4 91 90 50 72 1 67 93 78 93 56 63 99 27 14 45 73 13 37 66 64 97 86 19 85 20 50 81 1 97 7 37 89 85 6 94 82 42 59 49 83 38 27 60 30 76 52 6 30 8 13 88 13 42 2 32 
[VERIFICATORE-1] Stampo il candidato appena estratto: 4 29 47 75 69 15 59 43 47 78 86 41 84 37 47 88 11 42 29 80 45 92 38 99 3 74 62 21 3 87 96 64 86 99 12 59 36 58 37 49 31 23 52 85 52 39 2 43 91 35 40 75 5 52 66 69 7 9 99 48 22 1 86 88 49 30 42 63 31 45 53 39 3 72 23 94 54 1 48 21 43 
[VERIFICATORE-1] Stampo il candidato appena estratto: 70 87 46 20 1 29 39 70 74 51 65 82 64 8 22 25 51 55 52 66 59 44 82 53 86 15 74 61 3 66 10 64 81 78 49 80 66 76 60 61 49 70 87 72 31 82 89 23 3 83 92 66 12 75 89 53 44 83 37 12 88 84 6 20 8 78 55 33 26 99 41 67 95 45 53 65 13 79 71 98 60 
[VERIFICATORE-1] Stampo il candidato appena estratto: 17 84 13 47 94 98 50 95 98 84 26 12 35 89 28 27 77 69 60 26 67 18 82 89 61 89 58 37 45 69 69 55 25 35 7 19 79 48 59 74 93 75 64 18 21 44 82 32 98 88 51 46 2 66 72 2 50 55 24 92 67 14 41 92 63 81 61 59 59 72 17 2 47 65 59 65 14 11 87 27 76 
[VERIFICATORE-1] Stampo il candidato appena estratto: 1 72 14 99 72 99 50 77 1 81 99 41 39 51 9 83 15 67 81 4 89 32 75 36 12 85 71 99 59 71 44 39 2 92 18 61 99 99 63 78 73 33 8 4 28 99 77 27 23 23 96 63 2 75 23 67 68 73 68 43 25 93 25 1 6 61 4 80 99 59 99 76 1 2 51 93 4 68 93 92 81 
[VERIFICATORE-1] Stampo il candidato appena estratto: 67 98 39 21 89 5 2 57 41 48 33 82 55 22 15 74 1 20 63 21 4 21 65 75 7 3 8 39 34 33 47 49 61 8 58 63 64 89 57 16 2 63 27 77 68 95 39 65 46 52 26 6 73 52 58 90 39 95 77 48 52 88 78 31 37 13 60 55 55 46 11 67 46 41 55 72 45 92 72 28 77 
[VERIFICATORE-1] Stampo il candidato appena estratto: 54 23 21 94 99 23 86 25 32 96 81 5 72 10 20 56 29 64 23 83 20 95 45 59 8 89 90 5 71 39 44 49 99 60 32 42 53 27 86 78 1 38 18 57 86 55 42 43 73 3 5 55 96 43 94 80 35 22 39 22 4 78 86 78 98 54 51 78 28 6 68 92 84 45 41 78 10 52 35 42 79 
[VERIFICATORE-1] Stampo il candidato appena estratto: 49 82 5 98 7 52 9 86 55 81 16 32 20 5 65 64 4 52 98 23 86 52 76 68 17 19 30 25 61 85 26 74 78 54 43 74 84 1 15 20 93 83 98 51 80 94 65 87 48 62 50 65 16 29 22 98 27 65 76 13 71 76 55 53 38 87 19 72 2 11 53 74 92 3 33 98 10 19 6 52 79 
[LETTORE-1] Stampo il candidato: 87 65 26 77 10 3 24 56 31 95 61 73 20 87 83 80 43 38 52 53 84 75 77 61 69 72 83 72 96 53 99 44 64 80 56 43 53 1 29 79 42 11 3 58 89 73 23 9 77 57 5 21 16 35 58 29 44 53 4 51 22 5 11 82 50 65 77 1 18 83 10 6 95 47 89 75 11 48 41 11 68 
[LETTORE-1] Stampo il candidato: 49 76 9 68 65 23 45 20 93 53 18 45 84 97 34 6 49 59 53 18 63 14 92 58 89 83 59 93 37 83 22 28 45 81 92 64 20 96 47 6 50 44 26 55 26 39 61 88 81 42 88 82 3 47 99 69 62 89 66 46 93 22 39 40 47 65 69 18 85 92 73 79 14 58 23 67 2 86 63 98 66 
[LETTORE-1] Stampo il candidato: 21 89 98 81 4 37 90 16 70 32 11 92 69 35 30 71 54 12 30 48 54 69 28 96 40 73 50 57 77 81 20 2 45 10 74 62 2 77 74 20 86 81 65 27 4 15 74 40 90 49 33 34 77 26 19 97 78 65 71 33 69 50 24 74 2 72 90 97 67 92 41 24 46 35 90 76 79 87 58 85 68 
[LETTORE-1] Stampo il candidato: 45 79 9 44 25 19 90 15 50 29 45 26 18 63 52 28 53 36 1 8 4 31 93 44 70 57 97 73 95 17 70 53 32 5 20 45 69 73 61 76 91 68 25 62 22 5 14 10 36 25 57 49 11 61 49 13 51 30 21 83 91 5 8 33 35 94 62 51 16 18 39 11 28 52 68 38 38 59 84 95 99 
[LETTORE-1] Stampo il candidato: 22 53 68 19 45 92 98 10 80 16 45 32 81 77 54 64 46 43 97 97 97 98 83 60 45 39 56 33 47 63 91 86 92 50 78 42 62 89 59 86 44 64 48 99 85 93 42 24 4 47 46 49 95 28 63 97 94 42 98 23 44 29 26 41 25 38 89 84 38 27 34 98 63 27 53 85 61 51 46 64 97 
[LETTORE-2] Stampo il candidato: 23 61 66 55 72 31 27 28 49 68 62 6 72 37 46 58 10 30 36 37 7 85 37 45 83 53 26 69 83 42 38 90 13 72 4 43 45 54 30 94 25 73 56 24 71 73 6 43 40 1 30 34 54 55 52 64 68 75 83 74 35 69 65 65 49 10 85 28 93 76 5 7 84 29 58 44 81 89 37 30 60 
[LETTORE-2] Stampo il candidato: 64 98 20 84 12 22 99 52 94 13 52 96 90 43 26 46 54 31 67 20 76 52 30 97 31 45 4 71 97 66 71 97 26 73 12 22 13 60 4 82 92 29 72 6 69 18 28 87 66 85 80 61 78 44 24 6 83 80 22 91 74 91 82 59 54 63 1 92 4 6 2 55 1 30 51 31 59 97 75 11 83 
[MAIN-0] Matrice semimagica trovata: 1 72 14 99 72 99 50 77 1 81 99 41 39 51 9 83 15 67 81 4 89 32 75 36 12 85 71 99 59 71 44 39 2 92 18 61 99 99 63 78 73 33 8 4 28 99 77 27 23 23 96 63 2 75 23 67 68 73 68 43 25 93 25 1 6 61 4 80 99 59 99 76 1 2 51 93 4 68 93 92 81 
[LETTORE-0] Stampo il candidato: 88 58 21 20 6 7 39 50 54 41 16 34 92 14 87 18 93 20 54 69 41 37 80 25 42 62 98 68 40 68 12 74 10 90 52 62 27 34 3 63 9 75 43 81 7 33 19 43 71 25 68 35 68 20 85 98 29 16 37 83 33 18 85 82 84 36 69 27 6 55 61 92 30 35 85 68 3 89 80 11 85 
[LETTORE-1] Stampo il candidato: 64 7 40 77 86 54 38 50 5 47 66 6 25 9 7 56 45 82 62 34 59 31 67 48 81 7 18 75 1 37 64 77 50 69 18 77 41 19 30 49 72 64 86 88 28 94 73 64 96 86 28 86 30 79 38 64 96 20 59 18 82 3 87 60 67 16 43 94 59 59 37 88 66 44 36 71 45 64 71 72 44 
[VERIFICATORE-1] Stampo il candidato appena estratto: 87 65 26 77 10 3 24 56 31 95 61 73 20 87 83 80 43 38 52 53 84 75 77 61 69 72 83 72 96 53 99 44 64 80 56 43 53 1 29 79 42 11 3 58 89 73 23 9 77 57 5 21 16 35 58 29 44 53 4 51 22 5 11 82 50 65 77 1 18 83 10 6 95 47 89 75 11 48 41 11 68 
[VERIFICATORE-1] Stampo il candidato appena estratto: 49 76 9 68 65 23 45 20 93 53 18 45 84 97 34 6 49 59 53 18 63 14 92 58 89 83 59 93 37 83 22 28 45 81 92 64 20 96 47 6 50 44 26 55 26 39 61 88 81 42 88 82 3 47 99 69 62 89 66 46 93 22 39 40 47 65 69 18 85 92 73 79 14 58 23 67 2 86 63 98 66 
[VERIFICATORE-1] Stampo il candidato appena estratto: 21 89 98 81 4 37 90 16 70 32 11 92 69 35 30 71 54 12 30 48 54 69 28 96 40 73 50 57 77 81 20 2 45 10 74 62 2 77 74 20 86 81 65 27 4 15 74 40 90 49 33 34 77 26 19 97 78 65 71 33 69 50 24 74 2 72 90 97 67 92 41 24 46 35 90 76 79 87 58 85 68 
[VERIFICATORE-1] Stampo il candidato appena estratto: 45 79 9 44 25 19 90 15 50 29 45 26 18 63 52 28 53 36 1 8 4 31 93 44 70 57 97 73 95 17 70 53 32 5 20 45 69 73 61 76 91 68 25 62 22 5 14 10 36 25 57 49 11 61 49 13 51 30 21 83 91 5 8 33 35 94 62 51 16 18 39 11 28 52 68 38 38 59 84 95 99 
[VERIFICATORE-1] Stampo il candidato appena estratto: 22 53 68 19 45 92 98 10 80 16 45 32 81 77 54 64 46 43 97 97 97 98 83 60 45 39 56 33 47 63 91 86 92 50 78 42 62 89 59 86 44 64 48 99 85 93 42 24 4 47 46 49 95 28 63 97 94 42 98 23 44 29 26 41 25 38 89 84 38 27 34 98 63 27 53 85 61 51 46 64 97 
[VERIFICATORE-1] Stampo il candidato appena estratto: 23 61 66 55 72 31 27 28 49 68 62 6 72 37 46 58 10 30 36 37 7 85 37 45 83 53 26 69 83 42 38 90 13 72 4 43 45 54 30 94 25 73 56 24 71 73 6 43 40 1 30 34 54 55 52 64 68 75 83 74 35 69 65 65 49 10 85 28 93 76 5 7 84 29 58 44 81 89 37 30 60 
[VERIFICATORE-1] Stampo il candidato appena estratto: 64 98 20 84 12 22 99 52 94 13 52 96 90 43 26 46 54 31 67 20 76 52 30 97 31 45 4 71 97 66 71 97 26 73 12 22 13 60 4 82 92 29 72 6 69 18 28 87 66 85 80 61 78 44 24 6 83 80 22 91 74 91 82 59 54 63 1 92 4 6 2 55 1 30 51 31 59 97 75 11 83 
[VERIFICATORE-1] Stampo il candidato appena estratto: 88 58 21 20 6 7 39 50 54 41 16 34 92 14 87 18 93 20 54 69 41 37 80 25 42 62 98 68 40 68 12 74 10 90 52 62 27 34 3 63 9 75 43 81 7 33 19 43 71 25 68 35 68 20 85 98 29 16 37 83 33 18 85 82 84 36 69 27 6 55 61 92 30 35 85 68 3 89 80 11 85 
[VERIFICATORE-1] Stampo il candidato appena estratto: 64 7 40 77 86 54 38 50 5 47 66 6 25 9 7 56 45 82 62 34 59 31 67 48 81 7 18 75 1 37 64 77 50 69 18 77 41 19 30 49 72 64 86 88 28 94 73 64 96 86 28 86 30 79 38 64 96 20 59 18 82 3 87 60 67 16 43 94 59 59 37 88 66 44 36 71 45 64 71 72 44 
[LETTORE-1] Stampo il candidato: 6 14 93 12 69 32 86 92 63 10 44 21 2 79 15 61 76 24 53 55 35 51 43 3 74 29 62 89 25 85 32 43 5 67 77 91 63 96 61 33 35 5 47 56 57 59 80 25 60 69 66 39 33 8 33 96 39 9 93 23 86 49 42 74 99 10 18 17 99 80 80 69 45 13 36 59 76 79 30 80 88 
[LETTORE-1] Stampo il candidato: 97 68 25 89 55 65 75 89 98 41 14 59 70 44 24 95 63 66 76 95 45 94 43 60 96 59 18 74 46 79 43 44 69 36 41 57 18 26 16 87 2 47 36 26 77 14 88 7 9 18 32 92 58 32 45 55 58 96 24 78 74 21 71 9 8 23 58 71 3 66 31 37 51 41 57 78 66 55 83 13 22 
[LETTORE-1] Stampo il candidato: 15 17 69 31 51 80 98 43 79 70 81 59 90 61 33 65 78 7 19 37 26 57 59 36 66 28 11 8 59 58 70 44 73 59 25 50 96 3 86 98 6 49 32 20 38 5 55 70 40 56 55 42 59 27 34 26 53 43 15 83 64 51 75 18 7 68 13 45 54 33 22 52 38 54 39 67 14 96 76 46 8 
[LETTORE-1] Stampo il candidato: 95 7 40 21 98 16 70 93 1 16 57 71 66 80 16 46 75 56 6 32 10 55 81 64 66 15 85 44 24 55 91 74 98 37 73 95 68 52 92 34 59 27 54 27 47 72 59 35 95 13 82 30 27 12 69 71 20 29 8 65 39 32 58 58 86 94 70 32 32 70 55 60 2 57 69 48 36 35 52 69 1 
[LETTORE-1] Stampo il candidato: 70 97 75 77 47 63 3 55 38 1 78 78 46 33 71 83 43 84 35 17 49 11 97 12 19 40 92 52 52 59 32 27 6 33 67 10 78 64 42 54 96 73 6 42 73 5 27 52 96 18 58 60 66 17 55 62 95 89 59 85 74 71 96 50 3 64 59 34 83 59 3 93 35 41 85 48 2 86 72 52 37 
[LETTORE-1] Stampo il candidato: 1 3 85 63 98 21 18 68 84 71 39 19 76 32 76 90 32 6 99 74 30 21 6 22 91 80 18 99 70 11 26 74 35 19 27 80 1 39 78 60 56 89 22 72 24 68 99 37 72 40 51 9 16 49 2 16 98 52 49 32 89 32 71 99 34 78 30 71 16 84 17 12 1 67 5 41 15 99 19 97 97 
[LETTORE-1] Stampo il candidato: 43 65 68 28 3 47 4 48 51 39 47 50 68 79 50 27 67 64 25 96 18 82 47 23 68 70 73 56 35 86 27 17 70 77 13 58 35 58 39 34 30 79 51 69 61 50 79 47 13 40 4 23 20 45 35 8 9 12 83 95 59 10 95 5 21 89 35 42 10 78 61 76 67 33 29 98 69 37 64 11 46 
[VERIFICATORE-1] Stampo il candidato appena estratto: 6 14 93 12 69 32 86 92 63 10 44 21 2 79 15 61 76 24 53 55 35 51 43 3 74 29 62 89 25 85 32 43 5 67 77 91 63 96 61 33 35 5 47 56 57 59 80 25 60 69 66 39 33 8 33 96 39 9 93 23 86 49 42 74 99 10 18 17 99 80 80 69 45 13 36 59 76 79 30 80 88 
[VERIFICATORE-1] Stampo il candidato appena estratto: 97 68 25 89 55 65 75 89 98 41 14 59 70 44 24 95 63 66 76 95 45 94 43 60 96 59 18 74 46 79 43 44 69 36 41 57 18 26 16 87 2 47 36 26 77 14 88 7 9 18 32 92 58 32 45 55 58 96 24 78 74 21 71 9 8 23 58 71 3 66 31 37 51 41 57 78 66 55 83 13 22 
[VERIFICATORE-1] Stampo il candidato appena estratto: 15 17 69 31 51 80 98 43 79 70 81 59 90 61 33 65 78 7 19 37 26 57 59 36 66 28 11 8 59 58 70 44 73 59 25 50 96 3 86 98 6 49 32 20 38 5 55 70 40 56 55 42 59 27 34 26 53 43 15 83 64 51 75 18 7 68 13 45 54 33 22 52 38 54 39 67 14 96 76 46 8 
[VERIFICATORE-1] Stampo il candidato appena estratto: 95 7 40 21 98 16 70 93 1 16 57 71 66 80 16 46 75 56 6 32 10 55 81 64 66 15 85 44 24 55 91 74 98 37 73 95 68 52 92 34 59 27 54 27 47 72 59 35 95 13 82 30 27 12 69 71 20 29 8 65 39 32 58 58 86 94 70 32 32 70 55 60 2 57 69 48 36 35 52 69 1 
[VERIFICATORE-1] Stampo il candidato appena estratto: 70 97 75 77 47 63 3 55 38 1 78 78 46 33 71 83 43 84 35 17 49 11 97 12 19 40 92 52 52 59 32 27 6 33 67 10 78 64 42 54 96 73 6 42 73 5 27 52 96 18 58 60 66 17 55 62 95 89 59 85 74 71 96 50 3 64 59 34 83 59 3 93 35 41 85 48 2 86 72 52 37 
[VERIFICATORE-1] Stampo il candidato appena estratto: 1 3 85 63 98 21 18 68 84 71 39 19 76 32 76 90 32 6 99 74 30 21 6 22 91 80 18 99 70 11 26 74 35 19 27 80 1 39 78 60 56 89 22 72 24 68 99 37 72 40 51 9 16 49 2 16 98 52 49 32 89 32 71 99 34 78 30 71 16 84 17 12 1 67 5 41 15 99 19 97 97 
[VERIFICATORE-1] Stampo il candidato appena estratto: 43 65 68 28 3 47 4 48 51 39 47 50 68 79 50 27 67 64 25 96 18 82 47 23 68 70 73 56 35 86 27 17 70 77 13 58 35 58 39 34 30 79 51 69 61 50 79 47 13 40 4 23 20 45 35 8 9 12 83 95 59 10 95 5 21 89 35 42 10 78 61 76 67 33 29 98 69 37 64 11 46 
[LETTORE-1] Stampo il candidato: 46 15 51 78 79 52 23 25 13 51 60 72 13 64 71 90 68 96 28 22 15 53 95 44 31 23 49 97 68 55 63 2 29 49 21 67 10 72 50 57 46 61 32 32 34 15 38 65 21 43 99 52 12 64 77 60 84 89 2 40 13 99 97 91 17 17 74 85 33 60 54 42 77 4 42 26 17 40 66 51 59 
[LETTORE-1] Stampo il candidato: 63 2 16 20 49 92 88 85 1 82 76 18 24 41 61 61 74 37 84 71 68 45 6 22 55 95 71 8 78 13 90 42 56 31 40 67 6 96 47 32 1 92 63 78 99 18 20 18 87 5 67 38 67 14 54 67 58 44 12 99 6 99 10 35 77 62 18 81 54 29 58 39 69 51 4 70 3 19 29 31 79 
[LETTORE-1] Stampo il candidato: 71 71 92 98 75 70 14 98 19 60 7 64 62 6 86 53 20 99 91 15 10 5 94 58 14 90 66 76 79 85 56 4 13 31 19 62 80 73 37 30 15 41 65 31 83 83 95 77 64 42 38 62 41 41 39 51 1 24 14 44 44 48 47 23 2 24 41 39 92 56 96 32 61 77 70 31 91 82 45 47 52 
[LETTORE-1] Stampo il candidato: 17 76 31 21 15 89 52 25 79 49 41 56 35 93 26 70 62 18 55 94 2 64 32 12 44 25 51 71 29 68 20 29 41 5 29 11 52 37 22 81 88 72 23 17 71 75 45 57 55 41 12 92 25 62 41 4 88 48 2 57 14 30 81 34 6 26 91 26 95 14 28 10 66 7 39 60 44 43 80 52 70 
[LETTORE-1] Stampo il candidato: 19 95 93 81 20 66 94 55 87 6 35 76 11 93 93 13 56 25 89 37 76 50 95 65 43 74 91 92 28 3 51 89 76 26 45 97 94 24 81 87 57 75 82 94 72 5 44 91 42 18 19 1 42 14 86 31 98 87 24 49 73 71 15 94 71 2 98 11 40 20 5 69 78 33 2 61 75 16 62 1 81 
[LETTORE-1] Stampo il candidato: 70 34 17 66 40 61 64 34 84 7 83 94 98 13 11 48 15 63 34 89 68 15 72 11 13 16 53 5 8 27 92 20 76 88 11 42 6 30 15 12 82 96 2 57 78 13 62 89 99 71 66 61 96 86 93 86 11 22 42 37 48 1 3 53 5 23 87 38 3 85 68 55 75 42 75 8 37 41 52 26 26 
[LETTORE-1] Stampo il candidato: 18 16 48 55 16 34 4 25 95 88 49 19 91 6 1 44 68 99 19 91 6 1 66 35 31 79 16 44 69 64 20 35 59 43 65 13 57 20 43 30 40 35 78 31 4 73 83 96 99 18 78 79 52 61 70 81 36 29 36 64 99 22 11 97 67 42 91 3 60 85 91 74 67 22 92 47 70 89 64 14 41 
[MAIN-0] Matrice semimagica trovata: 1 3 85 63 98 21 18 68 84 71 39 19 76 32 76 90 32 6 99 74 30 21 6 22 91 80 18 99 70 11 26 74 35 19 27 80 1 39 78 60 56 89 22 72 24 68 99 37 72 40 51 9 16 49 2 16 98 52 49 32 89 32 71 99 34 78 30 71 16 84 17 12 1 67 5 41 15 99 19 97 97 
[LETTORE-2] Stampo il candidato: 44 77 8 56 58 14 4 88 16 6 82 86 53 5 24 46 61 55 70 87 57 37 80 48 19 36 62 56 27 98 79 92 50 73 74 82 77 50 34 79 54 2 36 56 12 28 36 93 59 9 99 99 11 86 29 54 52 47 40 58 5 35 24 22 23 23 56 89 28 75 12 44 72 39 72 43 12 17 13 95 42 
[VERIFICATORE-1] Stampo il candidato appena estratto: 46 15 51 78 79 52 23 25 13 51 60 72 13 64 71 90 68 96 28 22 15 53 95 44 31 23 49 97 68 55 63 2 29 49 21 67 10 72 50 57 46 61 32 32 34 15 38 65 21 43 99 52 12 64 77 60 84 89 2 40 13 99 97 91 17 17 74 85 33 60 54 42 77 4 42 26 17 40 66 51 59 
[VERIFICATORE-1] Stampo il candidato appena estratto: 63 2 16 20 49 92 88 85 1 82 76 18 24 41 61 61 74 37 84 71 68 45 6 22 55 95 71 8 78 13 90 42 56 31 40 67 6 96 47 32 1 92 63 78 99 18 20 18 87 5 67 38 67 14 54 67 58 44 12 99 6 99 10 35 77 62 18 81 54 29 58 39 69 51 4 70 3 19 29 31 79 
[VERIFICATORE-1] Stampo il candidato appena estratto: 71 71 92 98 75 70 14 98 19 60 7 64 62 6 86 53 20 99 91 15 10 5 94 58 14 90 66 76 79 85 56 4 13 31 19 62 80 73 37 30 15 41 65 31 83 83 95 77 64 42 38 62 41 41 39 51 1 24 14 44 44 48 47 23 2 24 41 39 92 56 96 32 61 77 70 31 91 82 45 47 52 
[VERIFICATORE-1] Stampo il candidato appena estratto: 17 76 31 21 15 89 52 25 79 49 41 56 35 93 26 70 62 18 55 94 2 64 32 12 44 25 51 71 29 68 20 29 41 5 29 11 52 37 22 81 88 72 23 17 71 75 45 57 55 41 12 92 25 62 41 4 88 48 2 57 14 30 81 34 6 26 91 26 95 14 28 10 66 7 39 60 44 43 80 52 70 
[VERIFICATORE-1] Stampo il candidato appena estratto: 19 95 93 81 20 66 94 55 87 6 35 76 11 93 93 13 56 25 89 37 76 50 95 65 43 74 91 92 28 3 51 89 76 26 45 97 94 24 81 87 57 75 82 94 72 5 44 91 42 18 19 1 42 14 86 31 98 87 24 49 73 71 15 94 71 2 98 11 40 20 5 69 78 33 2 61 75 16 62 1 81 
[VERIFICATORE-1] Stampo il candidato appena estratto: 70 34 17 66 40 61 64 34 84 7 83 94 98 13 11 48 15 63 34 89 68 15 72 11 13 16 53 5 8 27 92 20 76 88 11 42 6 30 15 12 82 96 2 57 78 13 62 89 99 71 66 61 96 86 93 86 11 22 42 37 48 1 3 53 5 23 87 38 3 85 68 55 75 42 75 8 37 41 52 26 26 
[VERIFICATORE-1] Stampo il candidato appena estratto: 44 77 8 56 58 14 4 88 16 6 82 86 53 5 24 46 61 55 70 87 57 37 80 48 19 36 62 56 27 98 79 92 50 73 74 82 77 50 34 79 54 2 36 56 12 28 36 93 59 9 99 99 11 86 29 54 52 47 40 58 5 35 24 22 23 23 56 89 28 75 12 44 72 39 72 43 12 17 13 95 42 
[VERIFICATORE-1] Stampo il candidato appena estratto: 18 16 48 55 16 34 4 25 95 88 49 19 91 6 1 44 68 99 19 91 6 1 66 35 31 79 16 44 69 64 20 35 59 43 65 13 57 20 43 30 40 35 78 31 4 73 83 96 99 18 78 79 52 61 70 81 36 29 36 64 99 22 11 97 67 42 91 3 60 85 91 74 67 22 92 47 70 89 64 14 41 
[LETTORE-1] Stampo il candidato: 44 44 25 12 77 74 73 14 15 1 95 59 26 85 3 86 66 16 42 95 42 3 48 71 81 42 26 27 20 36 42 56 47 79 49 72 16 37 88 38 49 88 58 40 53 41 38 89 71 67 65 34 92 75 97 45 22 85 34 96 68 82 82 59 25 71 16 46 10 93 43 86 70 17 46 46 75 19 67 72 27 
[LETTORE-1] Stampo il candidato: 45 89 38 78 59 86 90 41 80 4 1 25 70 90 61 19 95 90 22 85 60 69 83 88 45 51 74 78 72 65 3 95 19 54 69 75 42 71 57 70 71 78 3 26 88 19 55 71 93 2 97 9 34 91 61 90 50 66 15 10 98 12 24 72 33 12 59 62 43 75 71 83 91 52 16 2 41 69 12 56 97 
[LETTORE-1] Stampo il candidato: 99 46 46 1 99 62 42 70 1 99 84 44 20 78 3 53 15 70 99 99 42 59 7 69 46 20 25 89 39 9 79 51 19 57 96 27 1 24 77 90 57 54 66 13 84 30 27 53 65 56 45 72 45 73 1 24 59 84 18 37 89 67 87 1 60 49 60 44 85 22 86 59 47 63 87 8 56 92 19 54 40 
[LETTORE-1] Stampo il candidato: 43 58 80 58 28 53 10 71 24 14 63 15 71 71 56 72 92 86 81 99 99 90 22 64 47 26 78 19 49 23 43 95 15 58 14 26 39 3 98 17 11 59 87 12 41 85 94 86 47 57 56 79 86 32 70 80 37 38 43 58 97 99 39 88 6 47 52 9 49 25 35 30 72 75 42 44 15 40 97 24 1 
[LETTORE-1] Stampo il candidato: 55 91 21 20 11 65 38 92 82 99 28 41 39 76 84 19 41 48 99 83 59 83 10 44 22 69 6 85 70 93 9 2 61 62 40 53 24 11 17 96 68 60 97 33 69 44 69 40 24 73 53 76 48 48 1 1 26 95 88 86 53 36 89 67 67 93 34 69 12 10 57 66 1 55 85 75 78 10 98 59 14 
[LETTORE-1] Stampo il candidato: 94 47 45 44 68 71 91 33 88 2 12 54 84 32 17 35 60 26 18 44 50 3 38 21 43 25 54 38 77 19 28 53 67 53 40 23 73 34 17 31 65 30 25 40 98 38 20 55 34 68 70 14 6 88 70 41 24 41 82 29 60 2 44 35 26 46 81 14 10 31 12 31 55 87 51 93 75 89 11 21 32 
[LETTORE-1] Stampo il candidato: 82 36 3 80 90 63 6 5 88 23 6 27 43 87 78 13 39 29 41 21 63 6 81 8 82 34 49 78 15 87 66 27 70 56 64 68 85 7 98 25 78 57 32 49 31 70 8 20 3 46 69 37 8 59 45 45 83 37 45 61 56 35 39 69 48 60 49 45 14 50 45 56 98 34 62 57 32 86 41 45 14 
[VERIFICATORE-1] Stampo il candidato appena estratto: 44 44 25 12 77 74 73 14 15 1 95 59 26 85 3 86 66 16 42 95 42 3 48 71 81 42 26 27 20 36 42 56 47 79 49 72 16 37 88 38 49 88 58 40 53 41 38 89 71 67 65 34 92 75 97 45 22 85 34 96 68 82 82 59 25 71 16 46 10 93 43 86 70 17 46 46 75 19 67 72 27 
[VERIFICATORE-1] Stampo il candidato appena estratto: 45 89 38 78 59 86 90 41 80 4 1 25 70 90 61 19 95 90 22 85 60 69 83 88 45 51 74 78 72 65 3 95 19 54 69 75 42 71 57 70 71 78 3 26 88 19 55 71 93 2 97 9 34 91 61 90 50 66 15 10 98 12 24 72 33 12 59 62 43 75 71 83 91 52 16 2 41 69 12 56 97 
[VERIFICATORE-1] Stampo il candidato appena estratto: 99 46 46 1 99 62 42 70 1 99 84 44 20 78 3 53 15 70 99 99 42 59 7 69 46 20 25 89 39 9 79 51 19 57 96 27 1 24 77 90 57 54 66 13 84 30 27 53 65 56 45 72 45 73 1 24 59 84 18 37 89 67 87 1 60 49 60 44 85 22 86 59 47 63 87 8 56 92 19 54 40 
[VERIFICATORE-1] Stampo il candidato appena estratto: 43 58 80 58 28 53 10 71 24 14 63 15 71 71 56 72 92 86 81 99 99 90 22 64 47 26 78 19 49 23 43 95 15 58 14 26 39 3 98 17 11 59 87 12 41 85 94 86 47 57 56 79 86 32 70 80 37 38 43 58 97 99 39 88 6 47 52 9 49 25 35 30 72 75 42 44 15 40 97 24 1 
[VERIFICATORE-1] Stampo il candidato appena estratto: 55 91 21 20 11 65 38 92 82 99 28 41 39 76 84 19 41 48 99 83 59 83 10 44 22 69 6 85 70 93 9 2 61 62 40 53 24 11 17 96 68 60 97 33 69 44 69 40 24 73 53 76 48 48 1 1 26 95 88 86 53 36 89 67 67 93 34 69 12 10 57 66 1 55 85 75 78 10 98 59 14 
[LETTORE-2] Stampo il candidato: 8 98 13 37 47 65 23 11 80 75 78 52 2 28 33 33 44 4 91 87 12 96 12 46 24 86 18 39 43 32 21 62 32 14 75 85 10 58 98 30 76 58 28 96 79 25 42 15 76 60 74 54 12 81 23 24 51 67 29 10 1 61 16 65 31 36 31 77 13 14 55 47 35 73 69 9 85 92 33 11 10 
[LETTORE-2] Stampo il candidato: 97 49 37 19 48 76 95 27 13 67 14 82 89 51 38 44 9 1 22 15 84 27 56 4 9 47 20 89 49 33 7 59 79 38 58 79 31 7 64 27 61 93 36 47 42 81 43 20 33 73 53 48 59 16 96 8 77 14 95 71 57 18 29 20 39 87 91 33 91 21 22 7 30 93 45 59 94 66 20 15 13 
[LETTORE-2] Stampo il candidato: 30 31 11 99 16 40 68 40 20 75 13 23 73 38 87 65 47 60 82 36 25 74 6 46 99 96 71 58 35 26 42 17 75 75 16 88 88 58 99 20 74 77 96 91 97 54 56 26 65 87 30 82 21 63 55 35 73 67 91 46 29 79 81 25 12 12 87 91 23 55 64 39 40 87 81 68 99 62 65 70 90 
[LETTORE-2] Stampo il candidato: 8 35 14 24 81 93 48 75 54 5 98 22 88 37 43 28 66 34 9 2 80 94 89 46 96 30 82 12 59 64 59 83 49 20 83 59 37 5 16 59 14 45 81 15 20 31 7 63 61 47 34 33 81 14 36 31 8 19 46 26 14 79 31 9 13 50 32 13 5 30 60 98 90 68 81 43 96 20 32 95 4 
[LETTORE-0] Stampo il candidato: 53 76 66 45 41 67 66 58 8 77 17 54 31 62 30 64 20 97 30 35 1 77 37 32 9 44 44 69 3 39 76 73 44 61 73 49 10 89 46 43 19 87 3 84 9 90 46 14 27 12 99 97 83 1 90 10 99 94 16 73 90 25 95 74 6 65 92 1 29 25 40 84 18 54 50 96 61 3 88 92 9 
[MAIN-0] Matrice semimagica trovata: 99 46 46 1 99 62 42 70 1 99 84 44 20 78 3 53 15 70 99 99 42 59 7 69 46 20 25 89 39 9 79 51 19 57 96 27 1 24 77 90 57 54 66 13 84 30 27 53 65 56 45 72 45 73 1 24 59 84 18 37 89 67 87 1 60 49 60 44 85 22 86 59 47 63 87 8 56 92 19 54 40 
[LETTORE-1] Stampo il candidato: 73 90 19 43 34 56 26 15 60 91 95 61 11 68 27 35 31 97 95 18 33 32 45 13 91 25 4 52 23 82 66 2 80 63 47 45 33 51 15 65 78 94 41 32 47 24 33 62 70 69 68 40 71 69 64 81 82 50 56 40 73 1 85 31 67 18 7 88 26 33 98 24 55 71 98 33 38 96 39 5 47 
[VERIFICATORE-1] Stampo il candidato appena estratto: 94 47 45 44 68 71 91 33 88 2 12 54 84 32 17 35 60 26 18 44 50 3 38 21 43 25 54 38 77 19 28 53 67 53 40 23 73 34 17 31 65 30 25 40 98 38 20 55 34 68 70 14 6 88 70 41 24 41 82 29 60 2 44 35 26 46 81 14 10 31 12 31 55 87 51 93 75 89 11 21 32 
[VERIFICATORE-1] Stampo il candidato appena estratto: 82 36 3 80 90 63 6 5 88 23 6 27 43 87 78 13 39 29 41 21 63 6 81 8 82 34 49 78 15 87 66 27 70 56 64 68 85 7 98 25 78 57 32 49 31 70 8 20 3 46 69 37 8 59 45 45 83 37 45 61 56 35 39 69 48 60 49 45 14 50 45 56 98 34 62 57 32 86 41 45 14 
[VERIFICATORE-1] Stampo il candidato appena estratto: 8 98 13 37 47 65 23 11 80 75 78 52 2 28 33 33 44 4 91 87 12 96 12 46 24 86 18 39 43 32 21 62 32 14 75 85 10 58 98 30 76 58 28 96 79 25 42 15 76 60 74 54 12 81 23 24 51 67 29 10 1 61 16 65 31 36 31 77 13 14 55 47 35 73 69 9 85 92 33 11 10 
[VERIFICATORE-1] Stampo il candidato appena estratto: 97 49 37 19 48 76 95 27 13 67 14 82 89 51 38 44 9 1 22 15 84 27 56 4 9 47 20 89 49 33 7 59 79 38 58 79 31 7 64 27 61 93 36 47 42 81 43 20 33 73 53 48 59 16 96 8 77 14 95 71 57 18 29 20 39 87 91 33 91 21 22 7 30 93 45 59 94 66 20 15 13 
[VERIFICATORE-1] Stampo il candidato appena estratto: 30 31 11 99 16 40 68 40 20 75 13 23 73 38 87 65 47 60 82 36 25 74 6 46 99 96 71 58 35 26 42 17 75 75 16 88 88 58 99 20 74 77 96 91 97 54 56 26 65 87 30 82 21 63 55 35 73 67 91 46 29 79 81 25 12 12 87 91 23 55 64 39 40 87 81 68 99 62 65 70 90 
[VERIFICATORE-1] Stampo il candidato appena estratto: 8 35 14 24 81 93 48 75 54 5 98 22 88 37 43 28 66 34 9 2 80 94 89 46 96 30 82 12 59 64 59 83 49 20 83 59 37 5 16 59 14 45 81 15 20 31 7 63 61 47 34 33 81 14 36 31 8 19 46 26 14 79 31 9 13 50 32 13 5 30 60 98 90 68 81 43 96 20 32 95 4 
[VERIFICATORE-1] Stampo il candidato appena estratto: 53 76 66 45 41 67 66 58 8 77 17 54 31 62 30 64 20 97 30 35 1 77 37 32 9 44 44 69 3 39 76 73 44 61 73 49 10 89 46 43 19 87 3 84 9 90 46 14 27 12 99 97 83 1 90 10 99 94 16 73 90 25 95 74 6 65 92 1 29 25 40 84 18 54 50 96 61 3 88 92 9 
[VERIFICATORE-1] Stampo il candidato appena estratto: 73 90 19 43 34 56 26 15 60 91 95 61 11 68 27 35 31 97 95 18 33 32 45 13 91 25 4 52 23 82 66 2 80 63 47 45 33 51 15 65 78 94 41 32 47 24 33 62 70 69 68 40 71 69 64 81 82 50 56 40 73 1 85 31 67 18 7 88 26 33 98 24 55 71 98 33 38 96 39 5 47 
[LETTORE-0] Stampo il candidato: 61 37 54 98 66 85 12 35 20 17 49 61 4 38 59 42 17 34 95 73 71 40 29 97 6 79 85 48 28 20 90 44 82 85 8 48 61 35 66 22 31 53 14 92 90 20 81 59 51 15 94 22 43 17 84 95 59 89 65 34 3 14 20 33 4 26 27 1 31 7 69 14 43 9 68 75 82 71 26 19 43 
[LETTORE-0] Stampo il candidato: 39 24 70 77 56 94 53 76 30 83 54 43 50 82 45 8 71 51 73 73 98 74 28 39 30 13 25 74 43 29 53 1 19 72 60 70 81 40 52 53 69 87 83 25 36 67 43 1 32 59 31 62 17 83 42 96 53 34 43 73 75 28 99 54 99 3 8 8 21 47 55 97 94 80 25 93 86 2 20 69 44 
[LETTORE-0] Stampo il candidato: 82 29 77 64 15 65 61 87 63 18 68 15 26 37 76 2 13 4 5 54 33 40 98 79 97 33 33 12 37 75 79 66 32 9 17 45 3 12 70 13 6 44 57 82 89 40 1 49 2 35 3 2 82 2 15 92 53 42 67 33 72 28 47 32 10 43 82 48 42 57 8 15 75 74 38 80 86 77 96 84 1 
[LETTORE-0] Stampo il candidato: 40 42 38 37 6 55 9 99 89 43 12 16 15 86 42 36 8 74 29 73 93 10 76 92 77 75 13 4 79 56 10 64 1 8 66 90 67 85 76 6 32 53 61 43 58 74 91 47 61 28 51 16 76 4 27 39 93 41 53 30 95 39 15 49 36 27 53 36 18 33 31 93 91 40 69 69 99 49 99 81 49 
[LETTORE-0] Stampo il candidato: 10 95 8 76 46 87 11 9 25 37 87 21 7 74 49 71 81 24 6 55 15 96 39 95 92 27 38 46 73 50 42 14 43 14 5 42 1 31 11 87 81 76 7 1 27 26 34 43 89 40 44 21 94 2 88 21 38 82 99 91 26 72 33 87 2 27 62 96 64 30 86 98 23 76 93 56 11 25 87 20 53 
[LETTORE-0] Stampo il candidato: 39 74 99 81 93 7 31 56 94 11 82 80 98 81 68 45 73 77 92 4 28 70 24 86 72 51 11 65 10 89 51 30 69 80 98 93 12 17 49 42 45 66 5 86 35 72 42 6 79 52 25 41 56 35 3 98 11 97 45 86 30 1 24 39 86 69 32 29 47 69 75 33 9 88 64 78 3 7 82 76 44 
[VERIFICATORE-1] Stampo il candidato appena estratto: 61 37 54 98 66 85 12 35 20 17 49 61 4 38 59 42 17 34 95 73 71 40 29 97 6 79 85 48 28 20 90 44 82 85 8 48 61 35 66 22 31 53 14 92 90 20 81 59 51 15 94 22 43 17 84 95 59 89 65 34 3 14 20 33 4 26 27 1 31 7 69 14 43 9 68 75 82 71 26 19 43 
[VERIFICATORE-1] Stampo il candidato appena estratto: 39 24 70 77 56 94 53 76 30 83 54 43 50 82 45 8 71 51 73 73 98 74 28 39 30 13 25 74 43 29 53 1 19 72 60 70 81 40 52 53 69 87 83 25 36 67 43 1 32 59 31 62 17 83 42 96 53 34 43 73 75 28 99 54 99 3 8 8 21 47 55 97 94 80 25 93 86 2 20 69 44 
[VERIFICATORE-1] Stampo il candidato appena estratto: 82 29 77 64 15 65 61 87 63 18 68 15 26 37 76 2 13 4 5 54 33 40 98 79 97 33 33 12 37 75 79 66 32 9 17 45 3 12 70 13 6 44 57 82 89 40 1 49 2 35 3 2 82 2 15 92 53 42 67 33 72 28 47 32 10 43 82 48 42 57 8 15 75 74 38 80 86 77 96 84 1 
[VERIFICATORE-1] Stampo il candidato appena estratto: 40 42 38 37 6 55 9 99 89 43 12 16 15 86 42 36 8 74 29 73 93 10 76 92 77 75 13 4 79 56 10 64 1 8 66 90 67 85 76 6 32 53 61 43 58 74 91 47 61 28 51 16 76 4 27 39 93 41 53 30 95 39 15 49 36 27 53 36 18 33 31 93 91 40 69 69 99 49 99 81 49 
[VERIFICATORE-1] Stampo il candidato appena estratto: 10 95 8 76 46 87 11 9 25 37 87 21 7 74 49 71 81 24 6 55 15 96 39 95 92 27 38 46 73 50 42 14 43 14 5 42 1 31 11 87 81 76 7 1 27 26 34 43 89 40 44 21 94 2 88 21 38 82 99 91 26 72 33 87 2 27 62 96 64 30 86 98 23 76 93 56 11 25 87 20 53 
[VERIFICATORE-1] Stampo il candidato appena estratto: 39 74 99 81 93 7 31 56 94 11 82 80 98 81 68 45 73 77 92 4 28 70 24 86 72 51 11 65 10 89 51 30 69 80 98 93 12 17 49 42 45 66 5 86 35 72 42 6 79 52 25 41 56 35 3 98 11 97 45 86 30 1 24 39 86 69 32 29 47 69 75 33 9 88 64 78 3 7 82 76 44 
[LETTORE-2] Stampo il candidato: 39 66 52 53 55 65 97 80 2 5 82 47 10 64 49 28 7 29 75 25 64 97 66 91 28 74 51 6 75 32 85 8 69 72 90 44 66 41 4 37 62 59 99 96 35 20 14 43 60 65 77 28 77 83 24 77 58 60 54 28 94 66 24 22 38 92 93 97 59 99 8 26 53 74 57 74 25 27 17 20 76 
[LETTORE-2] Stampo il candidato: 46 28 94 32 93 63 62 56 39 86 8 23 42 61 89 65 19 92 8 97 55 16 17 79 23 7 90 87 62 36 74 79 74 22 87 90 50 30 75 8 43 32 57 40 8 93 34 46 49 88 72 34 10 75 44 70 24 61 47 81 21 95 24 77 58 31 40 6 37 42 94 32 97 33 26 25 44 18 15 93 25 
[LETTORE-2] Stampo il candidato: 1 65 87 86 29 19 52 19 49 69 40 13 57 43 18 25 44 36 81 90 6 2 61 77 18 72 98 49 87 5 54 5 87 10 69 18 69 61 43 9 99 68 92 53 16 11 51 81 92 71 66 96 76 49 45 89 60 55 37 72 16 32 4 84 41 57 7 36 25 25 11 17 1 71 69 5 31 22 15 22 39 
[LETTORE-2] Stampo il candidato: 9 38 28 39 89 82 80 84 70 8 34 89 85 74 36 28 5 79 83 81 33 80 1 81 85 28 12 96 54 72 79 73 18 85 85 94 26 57 7 65 30 8 49 41 9 17 37 9 5 21 55 41 67 46 77 33 78 21 61 65 93 90 20 91 27 35 59 80 56 58 15 73 54 77 36 81 92 35 11 69 83 
[LETTORE-2] Stampo il candidato: 31 89 56 44 3 4 71 71 56 92 30 9 38 1 98 56 89 9 12 39 75 42 43 89 62 16 76 67 21 58 5 66 18 21 80 53 46 92 12 8 56 75 11 6 59 6 64 58 25 83 46 93 20 59 49 48 42 38 53 65 72 11 77 31 55 11 91 54 83 75 18 95 96 62 6 71 15 30 9 32 89 
[LETTORE-2] Stampo il candidato: 13 62 89 32 72 13 43 49 88 27 6 25 37 89 51 70 55 4 89 46 45 29 60 36 80 88 12 42 70 78 85 61 36 16 33 31 28 69 23 29 47 62 94 56 16 68 55 72 6 6 51 35 2 29 17 6 33 58 79 25 98 47 55 7 93 21 49 47 30 43 18 79 18 7 99 19 38 25 16 11 65 
[MAIN-0] Matrice semimagica trovata: 55 91 21 20 11 65 38 92 82 99 28 41 39 76 84 19 41 48 99 83 59 83 10 44 22 69 6 85 70 93 9 2 61 62 40 53 24 11 17 96 68 60 97 33 69 44 69 40 24 73 53 76 48 48 1 1 26 95 88 86 53 36 89 67 67 93 34 69 12 10 57 66 1 55 85 75 78 10 98 59 14 
[VERIFICATORE-1] Stampo il candidato appena estratto: 39 66 52 53 55 65 97 80 2 5 82 47 10 64 49 28 7 29 75 25 64 97 66 91 28 74 51 6 75 32 85 8 69 72 90 44 66 41 4 37 62 59 99 96 35 20 14 43 60 65 77 28 77 83 24 77 58 60 54 28 94 66 24 22 38 92 93 97 59 99 8 26 53 74 57 74 25 27 17 20 76 
[VERIFICATORE-1] Stampo il candidato appena estratto: 46 28 94 32 93 63 62 56 39 86 8 23 42 61 89 65 19 92 8 97 55 16 17 79 23 7 90 87 62 36 74 79 74 22 87 90 50 30 75 8 43 32 57 40 8 93 34 46 49 88 72 34 10 75 44 70 24 61 47 81 21 95 24 77 58 31 40 6 37 42 94 32 97 33 26 25 44 18 15 93 25 
[LETTORE-2] Finisco la lettura di 9x9-matrix-sample-c.bin
[LETTORE-1] Stampo il candidato: 37 73 74 87 47 15 21 86 33 7 22 30 65 35 32 82 71 76 30 58 44 25 45 58 72 10 19 49 53 18 15 13 44 75 58 40 47 85 73 99 17 30 65 40 18 5 20 4 3 80 14 44 82 42 94 73 18 35 34 28 81 97 15 54 85 33 25 62 44 4 75 41 56 88 28 75 17 71 18 40 79 
[VERIFICATORE-1] Stampo il candidato appena estratto: 1 65 87 86 29 19 52 19 49 69 40 13 57 43 18 25 44 36 81 90 6 2 61 77 18 72 98 49 87 5 54 5 87 10 69 18 69 61 43 9 99 68 92 53 16 11 51 81 92 71 66 96 76 49 45 89 60 55 37 72 16 32 4 84 41 57 7 36 25 25 11 17 1 71 69 5 31 22 15 22 39 
[VERIFICATORE-1] Stampo il candidato appena estratto: 9 38 28 39 89 82 80 84 70 8 34 89 85 74 36 28 5 79 83 81 33 80 1 81 85 28 12 96 54 72 79 73 18 85 85 94 26 57 7 65 30 8 49 41 9 17 37 9 5 21 55 41 67 46 77 33 78 21 61 65 93 90 20 91 27 35 59 80 56 58 15 73 54 77 36 81 92 35 11 69 83 
[VERIFICATORE-1] Stampo il candidato appena estratto: 31 89 56 44 3 4 71 71 56 92 30 9 38 1 98 56 89 9 12 39 75 42 43 89 62 16 76 67 21 58 5 66 18 21 80 53 46 92 12 8 56 75 11 6 59 6 64 58 25 83 46 93 20 59 49 48 42 38 53 65 72 11 77 31 55 11 91 54 83 75 18 95 96 62 6 71 15 30 9 32 89 
[VERIFICATORE-1] Stampo il candidato appena estratto: 13 62 89 32 72 13 43 49 88 27 6 25 37 89 51 70 55 4 89 46 45 29 60 36 80 88 12 42 70 78 85 61 36 16 33 31 28 69 23 29 47 62 94 56 16 68 55 72 6 6 51 35 2 29 17 6 33 58 79 25 98 47 55 7 93 21 49 47 30 43 18 79 18 7 99 19 38 25 16 11 65 
[VERIFICATORE-1] Stampo il candidato appena estratto: 37 73 74 87 47 15 21 86 33 7 22 30 65 35 32 82 71 76 30 58 44 25 45 58 72 10 19 49 53 18 15 13 44 75 58 40 47 85 73 99 17 30 65 40 18 5 20 4 3 80 14 44 82 42 94 73 18 35 34 28 81 97 15 54 85 33 25 62 44 4 75 41 56 88 28 75 17 71 18 40 79 
[LETTORE-0] Finisco la lettura di 9x9-matrix-sample-a.bin
[LETTORE-1] Stampo il candidato: 26 43 21 64 34 51 58 19 32 68 50 92 23 58 33 50 41 24 82 41 12 45 18 64 54 30 92 14 22 29 91 69 5 73 64 4 61 73 30 90 81 2 73 63 47 72 4 32 92 93 12 18 45 2 71 66 11 17 46 88 2 65 49 71 28 68 8 91 98 5 56 21 67 29 11 85 75 36 26 84 11 
[LETTORE-1] Stampo il candidato: 97 51 55 56 33 95 41 40 33 81 31 87 36 74 65 33 31 19 34 91 92 66 39 2 46 8 80 86 99 88 57 33 12 49 52 3 72 92 36 38 37 45 2 28 90 44 6 67 67 90 65 30 36 30 88 52 52 31 33 77 6 96 28 93 45 48 20 61 41 59 47 5 25 66 49 71 38 3 13 68 68 
[LETTORE-1] Stampo il candidato: 15 14 2 13 60 92 23 15 83 43 76 28 83 32 56 76 93 42 43 52 17 60 33 93 33 29 16 43 53 9 81 90 37 46 21 55 8 85 78 73 60 62 62 42 23 92 7 57 39 3 94 93 79 8 60 7 98 11 40 71 83 34 27 23 12 44 88 11 78 77 35 23 45 53 83 32 54 57 3 54 86 
[LETTORE-1] Stampo il candidato: 22 43 7 80 45 42 65 44 73 44 86 35 41 24 14 54 20 37 81 75 27 40 93 46 78 94 11 59 67 61 98 63 19 79 80 23 3 18 98 99 61 90 24 10 45 56 28 73 79 53 48 78 62 75 44 64 67 38 61 44 92 45 8 67 49 70 69 60 78 66 85 8 24 89 57 55 38 79 80 87 27 
[LETTORE-1] Stampo il candidato: 20 97 86 83 93 66 95 79 47 87 97 81 9 4 67 36 64 89 82 94 56 17 33 83 81 41 8 53 23 7 44 52 24 87 30 2 30 98 63 68 18 85 78 87 98 45 47 58 96 63 90 18 65 49 12 53 94 70 53 98 67 53 18 5 41 78 41 24 43 10 39 94 52 74 50 33 10 18 89 66 18 
[LETTORE-1] Stampo il candidato: 68 39 68 97 68 68 68 92 44 68 39 68 46 119 68 68 68 68 68 68 68 93 68 68 43 92 44 68 68 34 17 153 68 68 68 68 68 122 68 14 68 68 68 68 68 68 68 68 68 68 68 68 68 68 68 68 68 68 68 68 68 68 68 68 122 34 14 102 68 68 68 68 68 68 68 93 68 68 43 68 68 
[LETTORE-1] Stampo il candidato: 86 22 33 71 3 91 48 30 83 51 52 56 18 12 38 8 54 46 98 83 79 18 48 76 31 30 81 78 27 2 58 83 70 56 59 65 31 68 98 46 70 65 32 46 19 12 33 64 63 53 67 82 81 57 38 56 96 48 78 29 6 1 98 34 31 60 73 94 58 81 45 8 51 4 64 48 68 64 12 54 84 
[VERIFICATORE-1] Stampo il candidato appena estratto: 26 43 21 64 34 51 58 19 32 68 50 92 23 58 33 50 41 24 82 41 12 45 18 64 54 30 92 14 22 29 91 69 5 73 64 4 61 73 30 90 81 2 73 63 47 72 4 32 92 93 12 18 45 2 71 66 11 17 46 88 2 65 49 71 28 68 8 91 98 5 56 21 67 29 11 85 75 36 26 84 11 
[VERIFICATORE-1] Stampo il candidato appena estratto: 97 51 55 56 33 95 41 40 33 81 31 87 36 74 65 33 31 19 34 91 92 66 39 2 46 8 80 86 99 88 57 33 12 49 52 3 72 92 36 38 37 45 2 28 90 44 6 67 67 90 65 30 36 30 88 52 52 31 33 77 6 96 28 93 45 48 20 61 41 59 47 5 25 66 49 71 38 3 13 68 68 
[VERIFICATORE-1] Stampo il candidato appena estratto: 15 14 2 13 60 92 23 15 83 43 76 28 83 32 56 76 93 42 43 52 17 60 33 93 33 29 16 43 53 9 81 90 37 46 21 55 8 85 78 73 60 62 62 42 23 92 7 57 39 3 94 93 79 8 60 7 98 11 40 71 83 34 27 23 12 44 88 11 78 77 35 23 45 53 83 32 54 57 3 54 86 
[LETTORE-1] Stampo il candidato: 16 27 75 23 42 4 45 74 62 56 61 73 67 45 41 38 99 66 65 5 73 57 20 59 83 92 78 44 55 40 95 37 80 39 1 97 81 35 99 80 73 19 17 60 52 63 67 81 56 58 44 38 14 56 72 39 92 96 62 12 60 86 63 36 51 23 84 85 96 6 73 46 83 2 59 92 93 33 84 19 7 
[LETTORE-1] Stampo il candidato: 76 17 64 57 42 24 39 57 66 35 75 73 55 94 5 58 41 6 99 99 20 40 26 40 29 72 17 1 50 12 75 48 85 35 68 68 1 30 88 89 47 57 84 2 44 99 67 86 30 19 41 34 3 63 77 54 62 16 65 52 29 60 27 53 40 35 7 24 76 84 51 72 1 10 2 73 77 62 50 88 79 
[LETTORE-1] Stampo il candidato: 19 93 62 40 90 97 3 15 62 15 50 97 13 97 24 94 43 60 51 62 38 2 37 26 84 37 99 3 2 93 84 96 35 55 87 92 56 87 19 95 7 97 91 54 36 14 44 70 35 42 23 65 48 85 59 91 2 64 92 55 84 1 73 38 64 81 27 97 19 8 10 9 35 4 37 87 86 19 32 96 19 
[VERIFICATORE-1] Stampo il candidato appena estratto: 22 43 7 80 45 42 65 44 73 44 86 35 41 24 14 54 20 37 81 75 27 40 93 46 78 94 11 59 67 61 98 63 19 79 80 23 3 18 98 99 61 90 24 10 45 56 28 73 79 53 48 78 62 75 44 64 67 38 61 44 92 45 8 67 49 70 69 60 78 66 85 8 24 89 57 55 38 79 80 87 27 
[VERIFICATORE-1] Stampo il candidato appena estratto: 20 97 86 83 93 66 95 79 47 87 97 81 9 4 67 36 64 89 82 94 56 17 33 83 81 41 8 53 23 7 44 52 24 87 30 2 30 98 63 68 18 85 78 87 98 45 47 58 96 63 90 18 65 49 12 53 94 70 53 98 67 53 18 5 41 78 41 24 43 10 39 94 52 74 50 33 10 18 89 66 18 
[VERIFICATORE-1] Stampo il candidato appena estratto: 68 39 68 97 68 68 68 92 44 68 39 68 46 119 68 68 68 68 68 68 68 93 68 68 43 92 44 68 68 34 17 153 68 68 68 68 68 122 68 14 68 68 68 68 68 68 68 68 68 68 68 68 68 68 68 68 68 68 68 68 68 68 68 68 122 34 14 102 68 68 68 68 68 68 68 93 68 68 43 68 68 
[VERIFICATORE-1] Stampo il candidato appena estratto: 86 22 33 71 3 91 48 30 83 51 52 56 18 12 38 8 54 46 98 83 79 18 48 76 31 30 81 78 27 2 58 83 70 56 59 65 31 68 98 46 70 65 32 46 19 12 33 64 63 53 67 82 81 57 38 56 96 48 78 29 6 1 98 34 31 60 73 94 58 81 45 8 51 4 64 48 68 64 12 54 84 
[VERIFICATORE-1] Stampo il candidato appena estratto: 16 27 75 23 42 4 45 74 62 56 61 73 67 45 41 38 99 66 65 5 73 57 20 59 83 92 78 44 55 40 95 37 80 39 1 97 81 35 99 80 73 19 17 60 52 63 67 81 56 58 44 38 14 56 72 39 92 96 62 12 60 86 63 36 51 23 84 85 96 6 73 46 83 2 59 92 93 33 84 19 7 
[VERIFICATORE-1] Stampo il candidato appena estratto: 76 17 64 57 42 24 39 57 66 35 75 73 55 94 5 58 41 6 99 99 20 40 26 40 29 72 17 1 50 12 75 48 85 35 68 68 1 30 88 89 47 57 84 2 44 99 67 86 30 19 41 34 3 63 77 54 62 16 65 52 29 60 27 53 40 35 7 24 76 84 51 72 1 10 2 73 77 62 50 88 79 
[LETTORE-1] Stampo il candidato: 86 55 38 60 68 78 69 21 20 31 74 86 23 38 64 41 96 43 89 71 85 39 29 49 51 39 45 64 27 17 9 82 35 80 49 61 79 49 7 6 82 74 69 56 3 31 54 55 77 32 23 62 24 88 90 57 63 70 38 34 5 85 38 93 40 10 87 12 11 54 11 30 29 91 6 80 3 21 7 89 70 
[LETTORE-1] Finisco la lettura di 9x9-matrix-sample-b.bin
[VERIFICATORE-1] Stampo il candidato appena estratto: 19 93 62 40 90 97 3 15 62 15 50 97 13 97 24 94 43 60 51 62 38 2 37 26 84 37 99 3 2 93 84 96 35 55 87 92 56 87 19 95 7 97 91 54 36 14 44 70 35 42 23 65 48 85 59 91 2 64 92 55 84 1 73 38 64 81 27 97 19 8 10 9 35 4 37 87 86 19 32 96 19 
[VERIFICATORE-1] Stampo il candidato appena estratto: 86 55 38 60 68 78 69 21 20 31 74 86 23 38 64 41 96 43 89 71 85 39 29 49 51 39 45 64 27 17 9 82 35 80 49 61 79 49 7 6 82 74 69 56 3 31 54 55 77 32 23 62 24 88 90 57 63 70 38 34 5 85 38 93 40 10 87 12 11 54 11 30 29 91 6 80 3 21 7 89 70 
[MAIN-0] Matrice semimagica trovata: 76 17 64 57 42 24 39 57 66 35 75 73 55 94 5 58 41 6 99 99 20 40 26 40 29 72 17 1 50 12 75 48 85 35 68 68 1 30 88 89 47 57 84 2 44 99 67 86 30 19 41 34 3 63 77 54 62 16 65 52 29 60 27 53 40 35 7 24 76 84 51 72 1 10 2 73 77 62 50 88 79 
[VERIFICATORE-1] Finisco la verifica
[MAIN] Terminazione con 12 matrici semimagiche trovate